Looking for git in: git
Using git 2.18.0 from git
> git rev-parse --show-toplevel
fatal: not a git repository (or any of the parent directories): .git
> git rev-parse --show-toplevel
fatal: not a git repository (or any of the parent directories): .git
> git rev-parse --show-toplevel
> git rev-parse --show-toplevel
> git rev-parse --show-toplevel
> git rev-parse --show-toplevel
> git rev-parse --show-toplevel
> git rev-parse --show-toplevel
> git rev-parse --show-toplevel
fatal: not a git repository (or any of the parent directories): .git
> git rev-parse --show-toplevel
fatal: not a git repository (or any of the parent directories): .git
> git rev-parse --show-toplevel
fatal: not a git repository (or any of the parent directories): .git
> git rev-parse --show-toplevel
> git rev-parse --show-toplevel
fatal: not a git repository (or any of the parent directories): .git
> git rev-parse --show-toplevel
> git rev-parse --show-toplevel
> git rev-parse --show-toplevel
> git rev-parse --show-toplevel
> git rev-parse --show-toplevel
fatal: not a git repository (or any of the parent directories): .git
> git rev-parse --show-toplevel
> git rev-parse --show-toplevel
fatal: not a git repository (or any of the parent directories): .git
> git rev-parse --show-toplevel
fatal: not a git repository (or any of the parent directories): .git
> git rev-parse --show-toplevel
fatal: not a git repository (or any of the parent directories): .git
> git rev-parse --show-toplevel
fatal: not a git repository (or any of the parent directories): .git
> git rev-parse --show-toplevel
fatal: not a git repository (or any of the parent directories): .git
> git rev-parse --show-toplevel
> git rev-parse --show-toplevel
> git config --get commit.template
Open repository: /home/noobusdeer/.oh-my-zsh
> git status -z -u
> git rev-parse --show-toplevel
> git config --get commit.template
Open repository: /home/noobusdeer/.password-store
> git status -z -u
> git rev-parse --show-toplevel
> git symbolic-ref --short HEAD
> git symbolic-ref --short HEAD
fatal: not a git repository (or any of the parent directories): .git
> git rev-parse --show-toplevel
> git rev-parse --show-toplevel
fatal: not a git repository (or any of the parent directories): .git
> git rev-parse --show-toplevel
> git rev-parse master
> git rev-parse master
> git rev-parse --symbolic-full-name master@{u}
fatal: not a git repository (or any of the parent directories): .git
> git rev-parse --show-toplevel
> git rev-list --left-right master...refs/remotes/origin/master
> git rev-parse --symbolic-full-name master@{u}
> git for-each-ref --format %(refname) %(objectname) --sort -committerdate
> git remote --verbose
fatal: not a git repository (or any of the parent directories): .git
> git rev-parse --show-toplevel
> git rev-parse --show-toplevel
> git rev-parse --show-toplevel
> git rev-list --left-right master...refs/remotes/origin/master
fatal: not a git repository (or any of the parent directories): .git
> git rev-parse --show-toplevel
> git rev-parse --show-toplevel
> git rev-parse --show-toplevel
> git rev-parse --show-toplevel
> git rev-parse --show-toplevel
> git rev-parse --show-toplevel
> git rev-parse --show-toplevel
> git rev-parse --show-toplevel
> git rev-parse --show-toplevel
> git rev-parse --show-toplevel
fatal: not a git repository (or any of the parent directories): .git
> git rev-parse --show-toplevel
> git rev-parse --show-toplevel
> git for-each-ref --format %(refname) %(objectname) --sort -committerdate
> git remote --verbose
fatal: not a git repository (or any of the parent directories): .git
> git rev-parse --show-toplevel
fatal: not a git repository (or any of the parent directories): .git
> git rev-parse --show-toplevel
> git rev-parse --show-toplevel
> git rev-parse --show-toplevel
fatal: not a git repository (or any of the parent directories): .git
> git rev-parse --show-toplevel
> git config --get commit.template
Open repository: /home/noobusdeer/Dotfiles
> git status -z -u
> git rev-parse --show-toplevel
> git symbolic-ref --short HEAD
fatal: not a git repository (or any of the parent directories): .git
> git rev-parse --show-toplevel
> git rev-parse --show-toplevel
> git rev-parse --show-toplevel
> git rev-parse master
fatal: not a git repository (or any of the parent directories): .git
> git rev-parse --show-toplevel
> git rev-parse --show-toplevel
> git rev-parse --symbolic-full-name master@{u}
fatal: not a git repository (or any of the parent directories): .git
> git rev-parse --show-toplevel
> git rev-parse --show-toplevel
> git rev-parse --show-toplevel
> git rev-list --left-right master...refs/remotes/origin/master
fatal: not a git repository (or any of the parent directories): .git
> git rev-parse --show-toplevel
> git rev-parse --show-toplevel
> git for-each-ref --format %(refname) %(objectname) --sort -committerdate
> git remote --verbose
> git check-ignore -z --stdin
> git check-ignore -z --stdin
> git check-ignore -z --stdin
