Looking for git in: git
Using git 2.18.0 from git
> git rev-parse --show-toplevel
> git config --get commit.template
Open repository: /home/noobusdeer/Documents/Cinder
> git status -z -u
> git show :blocks/OSC/proj/cmake/OSCConfig.cmake
> git check-ignore -z --stdin
> git symbolic-ref --short HEAD
> git rev-parse master
> git rev-parse --symbolic-full-name master@{u}
> git rev-list --left-right master...refs/remotes/origin/master
> git for-each-ref --format %(refname) %(objectname) --sort -committerdate
> git remote --verbose
> git rev-parse --show-toplevel
> git config --get commit.template
Open repository: /home/noobusdeer/Documents/Cinder/tools/TinderBox-Mac
> git status -z -u
> git rev-parse --show-toplevel
> git config --get commit.template
Open repository: /home/noobusdeer/Documents/Cinder/tools/TinderBox-Win
> git status -z -u
> git rev-parse --show-toplevel
> git config --get commit.template
Open repository: /home/noobusdeer/Documents/Cinder/include/boost
> git status -z -u
> git symbolic-ref --short HEAD
fatal: ref HEAD is not a symbolic ref
> git rev-parse HEAD
> git for-each-ref --format %(refname) %(objectname) --sort -committerdate
> git remote --verbose
> git symbolic-ref --short HEAD
fatal: ref HEAD is not a symbolic ref
> git rev-parse HEAD
> git for-each-ref --format %(refname) %(objectname) --sort -committerdate
> git remote --verbose
> git symbolic-ref --short HEAD
fatal: ref HEAD is not a symbolic ref
> git rev-parse HEAD
> git for-each-ref --format %(refname) %(objectname) --sort -committerdate
> git remote --verbose
> git check-ignore -z --stdin
> git check-ignore -z --stdin
> git check-ignore -z --stdin
> git check-ignore -z --stdin
> git show :blocks/OSC/samples/SimpleMultiThreadedReceiver/proj/cmake/CMakeLists.txt
> git check-ignore -z --stdin
> git check-ignore -z --stdin
> git check-ignore -z --stdin
> git show :blocks/TUIO/proj/cmake/TUIOConfig.cmake
> git check-ignore -z --stdin
> git check-ignore -z --stdin
> git check-ignore -z --stdin
> git show :blocks/TUIO/samples/TuioMultitouchBasic/proj/cmake/CMakeLists.txt
