[2018-07-29 00:06:15.668] [exthost1] [info] extension host started
[2018-07-29 00:06:15.726] [exthost1] [info] ExtensionService#_doActivateExtension vscode.emmet {"startup":true,"activationEvent":"*"}
[2018-07-29 00:06:15.726] [exthost1] [info] ExtensionService#loadCommonJSModule /opt/visual-studio-code/resources/app/extensions/emmet/out/extension
[2018-07-29 00:06:15.996] [exthost1] [info] ExtensionService#_doActivateExtension vscode.git {"startup":true,"activationEvent":"*"}
[2018-07-29 00:06:15.996] [exthost1] [info] ExtensionService#loadCommonJSModule /opt/visual-studio-code/resources/app/extensions/git/out/main
[2018-07-29 00:06:16.478] [exthost1] [info] ExtensionService#_doActivateExtension vscode.merge-conflict {"startup":true,"activationEvent":"*"}
[2018-07-29 00:06:16.478] [exthost1] [info] ExtensionService#loadCommonJSModule /opt/visual-studio-code/resources/app/extensions/merge-conflict/out/extension
[2018-07-29 00:06:16.502] [exthost1] [info] ExtensionService#_doActivateExtension vscode.search-rg {"startup":true,"activationEvent":"*"}
[2018-07-29 00:06:16.502] [exthost1] [info] ExtensionService#loadCommonJSModule /opt/visual-studio-code/resources/app/extensions/search-rg/out/extension
[2018-07-29 00:06:16.511] [exthost1] [info] eager extensions activated
[2018-07-29 00:06:35.826] [exthost1] [info] extension host started
[2018-07-29 00:06:35.873] [exthost1] [info] ExtensionService#_doActivateExtension vscode.emmet {"startup":true,"activationEvent":"*"}
[2018-07-29 00:06:35.874] [exthost1] [info] ExtensionService#loadCommonJSModule /opt/visual-studio-code/resources/app/extensions/emmet/out/extension
[2018-07-29 00:06:35.979] [exthost1] [info] ExtensionService#_doActivateExtension vscode.git {"startup":true,"activationEvent":"*"}
[2018-07-29 00:06:35.979] [exthost1] [info] ExtensionService#loadCommonJSModule /opt/visual-studio-code/resources/app/extensions/git/out/main
[2018-07-29 00:06:36.238] [exthost1] [info] ExtensionService#_doActivateExtension vscode.merge-conflict {"startup":true,"activationEvent":"*"}
[2018-07-29 00:06:36.238] [exthost1] [info] ExtensionService#loadCommonJSModule /opt/visual-studio-code/resources/app/extensions/merge-conflict/out/extension
[2018-07-29 00:06:36.253] [exthost1] [info] ExtensionService#_doActivateExtension vscode.search-rg {"startup":true,"activationEvent":"*"}
[2018-07-29 00:06:36.253] [exthost1] [info] ExtensionService#loadCommonJSModule /opt/visual-studio-code/resources/app/extensions/search-rg/out/extension
[2018-07-29 00:06:36.262] [exthost1] [info] ExtensionService#_doActivateExtension ms-vscode.cpptools {"startup":true,"activationEvent":"*"}
[2018-07-29 00:06:36.262] [exthost1] [info] ExtensionService#loadCommonJSModule /home/noobusdeer/.vscode/extensions/ms-vscode.cpptools-0.17.7/out/src/main
[2018-07-29 00:06:36.505] [exthost1] [info] eager extensions activated
[2018-07-29 00:06:36.509] [exthost1] [info] ExtensionService#_doActivateExtension mitaki28.vscode-clang {"startup":false,"activationEvent":"onLanguage:cpp"}
[2018-07-29 00:06:36.509] [exthost1] [info] ExtensionService#loadCommonJSModule /home/noobusdeer/.vscode/extensions/mitaki28.vscode-clang-0.2.2/out/src/extension
[2018-07-29 00:06:42.164] [exthost1] [info] ExtensionService#_doActivateExtension vscode.html-language-features {"startup":false,"activationEvent":"onLanguage:html"}
[2018-07-29 00:06:42.164] [exthost1] [info] ExtensionService#loadCommonJSModule /opt/visual-studio-code/resources/app/extensions/html-language-features/client/out/htmlMain
