[2018-07-29 00:06:15.707] [sharedprocess] [info] main {"machineId":"163184bec7d9e55e9a8d305d2ea4b085deaa31881e08349060536ef49cf69cba"}
[2018-07-29 00:06:15.785] [sharedprocess] [info] Scanned user extensions: 6
[2018-07-29 00:06:15.949] [sharedprocess] [info] Scanned system extensions: 70
[2018-07-29 00:06:16.038] [sharedprocess] [info] Scanned user extensions: 6
[2018-07-29 00:06:16.041] [sharedprocess] [info] Scanned user extensions: 6
[2018-07-29 00:06:16.042] [sharedprocess] [info] Scanned user extensions: 6
[2018-07-29 00:06:16.152] [sharedprocess] [info] Scanned system extensions: 70
[2018-07-29 00:06:17.834] [sharedprocess] [info] Scanned user extensions: 6
[2018-07-29 00:06:22.832] [sharedprocess] [info] Scanned user extensions: 6
[2018-07-29 00:06:22.836] [sharedprocess] [info] Scanned user extensions: 6
[2018-07-29 00:06:22.839] [sharedprocess] [info] Scanned user extensions: 6
[2018-07-29 00:06:22.862] [sharedprocess] [info] Scanned user extensions: 6
[2018-07-29 00:06:22.951] [sharedprocess] [info] Scanned system extensions: 70
[2018-07-29 00:06:22.956] [sharedprocess] [info] Scanned system extensions: 70
[2018-07-29 00:06:22.983] [sharedprocess] [info] Scanned system extensions: 70
[2018-07-29 00:06:22.993] [sharedprocess] [info] Scanned user extensions: 6
[2018-07-29 00:06:22.997] [sharedprocess] [info] Scanned user extensions: 6
[2018-07-29 00:06:23.002] [sharedprocess] [info] Scanned user extensions: 6
[2018-07-29 00:06:23.094] [sharedprocess] [info] Scanned system extensions: 70
[2018-07-29 00:06:23.098] [sharedprocess] [info] Scanned system extensions: 70
[2018-07-29 00:06:23.102] [sharedprocess] [info] Scanned system extensions: 70
[2018-07-29 00:06:23.364] [sharedprocess] [info] Installing extension: cpptools
[2018-07-29 00:06:23.374] [sharedprocess] [info] Scanned user extensions: 6
[2018-07-29 00:06:23.378] [sharedprocess] [info] Scanned user extensions: 6
[2018-07-29 00:06:23.413] [sharedprocess] [info] Scanned system extensions: 70
[2018-07-29 00:06:24.910] [sharedprocess] [info] Downloaded extension: cpptools
[2018-07-29 00:06:25.615] [sharedprocess] [info] Extracted extension to /home/noobusdeer/.vscode/extensions/.ms-vscode.cpptools-0.17.7: ms-vscode.cpptools-0.17.7
[2018-07-29 00:06:25.615] [sharedprocess] [info] Renamed to /home/noobusdeer/.vscode/extensions/ms-vscode.cpptools-0.17.7
[2018-07-29 00:06:25.615] [sharedprocess] [info] Installation completed. ms-vscode.cpptools-0.17.7
[2018-07-29 00:06:25.629] [sharedprocess] [info] Extensions installed successfully: ms-vscode.cpptools
[2018-07-29 00:06:25.769] [sharedprocess] [info] Scanned user extensions: 7
[2018-07-29 00:06:25.804] [sharedprocess] [info] Scanned system extensions: 70
[2018-07-29 00:06:29.146] [sharedprocess] [info] Installing extension: vscode-clang
[2018-07-29 00:06:29.153] [sharedprocess] [info] Scanned user extensions: 7
[2018-07-29 00:06:30.065] [sharedprocess] [info] Downloaded extension: vscode-clang
[2018-07-29 00:06:30.084] [sharedprocess] [info] Extracted extension to /home/noobusdeer/.vscode/extensions/.mitaki28.vscode-clang-0.2.2: mitaki28.vscode-clang-0.2.2
[2018-07-29 00:06:30.084] [sharedprocess] [info] Renamed to /home/noobusdeer/.vscode/extensions/mitaki28.vscode-clang-0.2.2
[2018-07-29 00:06:30.084] [sharedprocess] [info] Installation completed. mitaki28.vscode-clang-0.2.2
[2018-07-29 00:06:30.099] [sharedprocess] [info] Extensions installed successfully: mitaki28.vscode-clang
[2018-07-29 00:06:30.225] [sharedprocess] [info] Scanned user extensions: 8
[2018-07-29 00:06:30.239] [sharedprocess] [info] Scanned system extensions: 70
[2018-07-29 00:06:34.081] [sharedprocess] [info] Scanned user extensions: 8
[2018-07-29 00:06:34.089] [sharedprocess] [info] Scanned user extensions: 8
[2018-07-29 00:06:34.102] [sharedprocess] [info] Scanned user extensions: 8
[2018-07-29 00:06:34.147] [sharedprocess] [info] Scanned user extensions: 8
[2018-07-29 00:06:34.154] [sharedprocess] [info] Scanned user extensions: 8
[2018-07-29 00:06:34.196] [sharedprocess] [info] Scanned user extensions: 8
[2018-07-29 00:06:34.356] [sharedprocess] [info] Scanned system extensions: 70
[2018-07-29 00:06:34.360] [sharedprocess] [info] Scanned system extensions: 70
[2018-07-29 00:06:34.382] [sharedprocess] [info] Scanned system extensions: 70
[2018-07-29 00:06:34.386] [sharedprocess] [info] Scanned system extensions: 70
[2018-07-29 00:06:34.405] [sharedprocess] [info] Scanned user extensions: 8
[2018-07-29 00:06:37.756] [sharedprocess] [info] Scanned user extensions: 8
[2018-07-29 00:06:55.721] [sharedprocess] [info] Starting to clean up unused language packs.
[2018-07-29 00:11:37.791] [sharedprocess] [info] Scanned user extensions: 8
[2018-07-29 00:16:37.803] [sharedprocess] [info] Scanned user extensions: 8
[2018-07-29 00:21:37.814] [sharedprocess] [info] Scanned user extensions: 8
