[07/18/18, 15:45:50:843] info: ╔═════════════════════════════════════════════════════════════════════════════╗
[07/18/18, 15:45:50:844] info: ║      Slack 3.2.1, linux 4.17.5-1-ARCH on x64 at 07/18/18, 15:45:50:841      ║
[07/18/18, 15:45:50:844] info: ╚═════════════════════════════════════════════════════════════════════════════╝
[07/18/18, 15:45:51:265] info: Initializing local storage instance at path: /home/noobusdeer/.config/Slack/local-settings.json
[07/18/18, 15:45:51:445] info: TraceRecorder: setting up trace recorder, trace will be stored under /home/noobusdeer/.config/Slack/logs/recorded-trace
[07/18/18, 15:45:51:453] info: Configuring uncaughtExceptionHandler
[07/18/18, 15:45:51:453] info: Configuring unhandledRejectionHandler
[07/18/18, 15:45:51:453] info: Registered with apiKey acaff8df67924f677747922423057034
[07/18/18, 15:45:51:697] error: TransformPasswords: Cannot access keychain
{
  "error": {
    "message": "The name org.freedesktop.secrets was not provided by any .service files",
    "stack": "Error: The name org.freedesktop.secrets was not provided by any .service files"
  }
}
[07/18/18, 15:45:51:698] warn: BrowserStore: Couldn't access keychain, make note of it
[07/18/18, 15:45:51:708] info: Store: persist/REHYDRATE
[07/18/18, 15:45:51:736] info: Store: UPDATE_SETTINGS
{
  "isSignedIntoSlackOrg": false
}
[07/18/18, 15:45:51:738] info: UpdaterEpics: Updates disabled because
{
  "reasons": [
    "using Linux"
  ]
}
[07/18/18, 15:45:51:741] info: Created uuid '16689cf8-d943-50d6-892f-fa659c108e5a'
[07/18/18, 15:45:51:892] info: Tray Handler: Showing a tray balloon with title: Welcome to Slack!
[07/18/18, 15:45:51:897] info: Store: INITIALIZE_SETTINGS
{
  "releaseChannel": "prod",
  "platformVersion": {
    "major": 4,
    "minor": 17,
    "build": 5
  },
  "isTitleBarHidden": false,
  "isDevMode": false,
  "appVersion": "3.2.1",
  "versionName": "Cartoon Heroes",
  "devEnv": null,
  "resourcePath": "/usr/lib/slack/resources/app.asar",
  "webappSrcPath": null,
  "webappParams": null,
  "launchOnStartup": false,
  "openDevToolsOnStart": false,
  "logFile": null,
  "pretendNotReallyWindows10": false,
  "isAeroGlassEnabled": false,
  "isGpuCompositionAvailable": true,
  "linux": {
    "os": "Arch Linux",
    "release": ""
  }
}
[07/18/18, 15:45:51:898] info: AutoLoginEpic: Checking for autologin.
[07/18/18, 15:45:51:900] info: Store: UPDATE_SETTINGS
{
  "hasRunApp": true
}
[07/18/18, 15:45:51:903] info: WebContentsMediator: Attaching to new webContents
[07/18/18, 15:45:51:905] info: Store: ADD_WINDOW
{
  "id": 2,
  "type": "main"
}
[07/18/18, 15:45:51:906] info: BrowserViewManager: Starting initialization
[07/18/18, 15:45:51:908] info: PersistSettingsWindowBehavior: Loading windowMetrics
{
  "settings": null
}
[07/18/18, 15:45:51:908] info: PersistSettingsWindowBehavior: Resetting to default window position
{
  "settings": {
    "position": [
      384,
      127
    ],
    "size": [
      1152,
      847
    ]
  }
}
[07/18/18, 15:45:51:908] info: Store: SAVE_WINDOW_SETTINGS
{
  "position": [
    384,
    127
  ],
  "size": [
    1152,
    847
  ]
}
[07/18/18, 15:45:51:925] info: Store: UPDATE_SETTINGS
{
  "PrefSSBFileDownloadPath": "/home/noobusdeer/Downloads"
}
[07/18/18, 15:45:51:927] info: DownloadListener: Downloads directory set to
{
  "downloadsDirectory": "/home/noobusdeer/Downloads"
}
[07/18/18, 15:45:51:927] info: Application: Setting main window ID
{
  "id": 2
}
[07/18/18, 15:45:51:929] info: App: Welcome to Slack 3.2.1 x64
[07/18/18, 15:45:51:929] info: App load time: 1,353714671
[07/18/18, 15:45:52:989] info: Store: BACKGROUND_CLIENTS_INITIALIZED
[07/18/18, 15:45:52:993] info: Store: BACKGROUND_CLIENTS_INITIALIZED true
[07/18/18, 15:45:53:789] info: Store: SET_NETWORK_STATUS online
[07/18/18, 15:45:53:795] info: Store: MAIN_WINDOW_SHOWN
[07/18/18, 15:45:53:825] info: createSignInWindowEpic: No teams signed in, showing sign-in window
[07/18/18, 15:45:53:838] info: WebContentsMediator: Attaching to new webContents
[07/18/18, 15:45:53:850] info: Store: ADD_WINDOW
{
  "id": 3,
  "type": "sign-in"
}
[07/18/18, 15:45:53:860] info: SignInEpic: Loading URL in new window https://slack.com/signin
[07/18/18, 15:46:07:712] info: SignInEpic: Page redirect
{
  "newURL": "https://openframeworks.slack.com/"
}
[07/18/18, 15:46:07:715] info: SignInEpic: Page redirect
{
  "newURL": "https://openframeworks.slack.com/"
}
[07/18/18, 15:46:20:921] info: SignInEpic: Page redirect
{
  "newURL": "https://slack.com/checkcookie?redir=https%3A%2F%2Fopenframeworks.slack.com%2Fsignin%3Fssb_success%3D1%26ssb_relogin%3D"
}
[07/18/18, 15:46:20:923] info: SignInEpic: Page redirect
{
  "newURL": "https://slack.com/checkcookie?redir=https%3A%2F%2Fopenframeworks.slack.com%2Fsignin%3Fssb_success%3D1%26ssb_relogin%3D"
}
[07/18/18, 15:46:21:222] info: SignInEpic: Page redirect
{
  "newURL": "https://openframeworks.slack.com/signin?ssb_success=1&ssb_relogin="
}
[07/18/18, 15:46:21:224] info: SignInEpic: Page redirect
{
  "newURL": "https://openframeworks.slack.com/signin?ssb_success=1&ssb_relogin="
}
[07/18/18, 15:46:21:918] info: SignInEpic: Received team(s) from the webapp
[07/18/18, 15:46:21:919] info: SignInEpic: Got signal!
[07/18/18, 15:46:21:919] info: SignInEpic: Sign-in window closed
[07/18/18, 15:46:21:919] info: Store: REMOVE_WINDOW 3
[07/18/18, 15:46:21:923] info: maybeQuitAppAction
{
  "canceledSignIn": false,
  "hasNoTeams": true
}
[07/18/18, 15:46:21:923] info: SignInEpic: End of the road
{
  "action": "ADD_NEW_TEAM"
}
[07/18/18, 15:46:21:923] info: Store: ADD_NEW_TEAM
{
  "id": "U5ALWV8SU",
  "name": "[REDACTED]",
  "team_id": "T0489DFSR",
  "team_name": "[REDACTED]",
  "team_url": "[REDACTED]"
}
[07/18/18, 15:46:21:932] info: BrowserViewManager: Creating views for 1 new teams
[07/18/18, 15:46:21:932] info: BrowserViewManager: Activating BrowserView
{
  "teamId": "T0489DFSR"
}
[07/18/18, 15:46:21:933] info: BrowserViewManager: Creating BrowserView
{
  "teamId": "T0489DFSR"
}
[07/18/18, 15:46:21:936] info: WebContentsMediator: Attaching to new webContents
[07/18/18, 15:46:21:937] info: Store: UPSERT_WEB_CONTENTS
{
  "id": 4,
  "teamId": "T0489DFSR",
  "state": "unloaded"
}
[07/18/18, 15:46:21:946] info: Background Clients Update: 
+-----------+-------+------------+
|           | Full  | Background |
|-----------+-------+------------+
| T0489DFSR | start |            |
+-----------+-------+------------+
[07/18/18, 15:46:21:959] info: BrowserViewManager: Activating BrowserView
{
  "teamId": "T0489DFSR"
}
[07/18/18, 15:46:21:962] info: Background Clients Update: 
+-----------+-------+------------+
|           | Full  | Background |
|-----------+-------+------------+
| T0489DFSR | start |            |
+-----------+-------+------------+
[07/18/18, 15:46:21:983] info: Store: SET_FULL_SCREEN
[07/18/18, 15:46:22:976] info: Store: SAVE_WINDOW_SETTINGS
{
  "size": [
    1152,
    847
  ],
  "position": [
    385,
    151
  ],
  "isMaximized": false
}
[07/18/18, 15:46:27:140] info: WebContents LifeCycle: webContents:4 from 'unloaded' to 'loaded' took 5186 ms
[07/18/18, 15:46:27:141] info: Store: UPSERT_WEB_CONTENTS
{
  "id": 4,
  "state": "loaded",
  "teamId": "T0489DFSR"
}
[07/18/18, 15:46:27:144] info: Background Clients Update: 
+-----------+---------+------------+
|           | Full    | Background |
|-----------+---------+------------+
| T0489DFSR | loading |            |
+-----------+---------+------------+
[07/18/18, 15:46:27:396] info: Store: UPDATE_SESSION_STATUS
{
  "hasValidSession": true,
  "teamId": "T0489DFSR"
}
[07/18/18, 15:46:27:987] info: Store: SELECT_CHANNEL C0489DFTF
[07/18/18, 15:46:27:991] info: Store: UPDATE_TEAM_LOCALE
{
  "locale": "en-US",
  "teamId": "T0489DFSR"
}
[07/18/18, 15:46:27:994] info: Store: UPDATE_SETTINGS
{
  "locale": "en-US"
}
[07/18/18, 15:46:28:003] info: Store: UPDATE_TEAM_THEME
{
  "teamId": "T0489DFSR",
  "theme": {
    "active_item": "#6698C8",
    "active_item_text": "#FFFFFF",
    "active_presence": "#94E864",
    "badge": "#78AF8F",
    "column_bg": "#303E4D",
    "hover_item": "#4A5664",
    "menu_bg": "#2C3849",
    "text_color": "#FFFFFF"
  }
}
[07/18/18, 15:46:28:198] info: Store: UPDATE_TEAM_ICONS
{
  "icons": {
    "image_102": "https://slack-files2.s3-us-west-2.amazonaws.com/avatars/2015-07-27/8279470755_c21a23877fd480328fb6_102.jpg",
    "image_132": "https://slack-files2.s3-us-west-2.amazonaws.com/avatars/2015-07-27/8279470755_c21a23877fd480328fb6_132.jpg",
    "image_230": "https://slack-files2.s3-us-west-2.amazonaws.com/avatars/2015-07-27/8279470755_c21a23877fd480328fb6_132.jpg",
    "image_34": "https://slack-files2.s3-us-west-2.amazonaws.com/avatars/2015-07-27/8279470755_c21a23877fd480328fb6_34.jpg",
    "image_44": "https://slack-files2.s3-us-west-2.amazonaws.com/avatars/2015-07-27/8279470755_c21a23877fd480328fb6_44.jpg",
    "image_68": "https://slack-files2.s3-us-west-2.amazonaws.com/avatars/2015-07-27/8279470755_c21a23877fd480328fb6_68.jpg",
    "image_88": "https://slack-files2.s3-us-west-2.amazonaws.com/avatars/2015-07-27/8279470755_c21a23877fd480328fb6_88.jpg",
    "image_original": "https://slack-files2.s3-us-west-2.amazonaws.com/avatars/2015-07-27/8279470755_c21a23877fd480328fb6_original.jpg"
  },
  "teamId": "T0489DFSR"
}
[07/18/18, 15:46:28:323] info: Store: UPDATE_TEAM_LOCALE
{
  "locale": "en-US",
  "teamId": "T0489DFSR"
}
[07/18/18, 15:46:28:334] info: WebContents LifeCycle: webContents:4 from 'loaded' to 'webapp-loaded' took 1194 ms
[07/18/18, 15:46:28:335] info: Store: UPSERT_WEB_CONTENTS
{
  "id": 4,
  "state": "webapp-loaded",
  "teamId": "T0489DFSR"
}
[07/18/18, 15:46:28:337] info: Background Clients Update: 
+-----------+-------+------------+
|           | Full  | Background |
|-----------+-------+------------+
| T0489DFSR | ready |            |
+-----------+-------+------------+
[07/18/18, 15:46:28:863] info: Store: STORE_ENTERPRISE_ID_PAIR
{
  "teamId": "T0489DFSR",
  "enterpriseId": null
}
[07/18/18, 15:46:28:868] info: Store: STORE_API_TOKEN
{
  "token": "xoxs-⋯",
  "teamId": "T0489DFSR"
}
[07/18/18, 15:46:35:731] info: Store: SELECT_CHANNEL C048VVD23
[07/18/18, 15:46:49:792] info: Store: SELECT_CHANNEL C0489DFTM
[07/18/18, 15:47:34:788] info: Store: SELECT_CHANNEL C048VVD23
[07/18/18, 16:08:32:208] info: WindowCloseBehavior: Attempted to close the window, hiding due to run from tray
[07/18/18, 16:08:32:210] info: Store: UPDATE_SETTINGS
{
  "hasRunFromTray": true
}
[07/18/18, 16:08:32:213] info: Store: SHOW_TRAY_BALLOON
{
  "title": "Why didn’t Slack quit?",
  "content": "Slack’s set to stay running in the notification area. To change this, visit Preferences > Linux App."
}
[07/18/18, 16:08:32:215] info: Tray Handler: Showing a tray balloon with title: Why didn’t Slack quit?
[07/18/18, 16:08:32:255] info: Store: SET_FULL_SCREEN
[07/18/18, 16:08:33:240] info: Store: SAVE_WINDOW_SETTINGS
{
  "size": [
    1152,
    847
  ],
  "position": [
    384,
    127
  ],
  "isMaximized": false
}
[07/18/18, 16:33:13:021] info: ╔═════════════════════════════════════════════════════════════════════════════╗
[07/18/18, 16:33:13:022] info: ║      Slack 3.2.1, linux 4.17.5-1-ARCH on x64 at 07/18/18, 16:33:13:018      ║
[07/18/18, 16:33:13:022] info: ╚═════════════════════════════════════════════════════════════════════════════╝
[07/18/18, 16:33:13:487] info: Initializing local storage instance at path: /home/noobusdeer/.config/Slack/local-settings.json
[07/18/18, 16:33:13:689] info: TraceRecorder: setting up trace recorder, trace will be stored under /home/noobusdeer/.config/Slack/logs/recorded-trace
[07/18/18, 16:33:13:698] info: Configuring uncaughtExceptionHandler
[07/18/18, 16:33:13:698] info: Configuring unhandledRejectionHandler
[07/18/18, 16:33:13:698] info: Registered with apiKey acaff8df67924f677747922423057034
[07/18/18, 16:33:13:961] info: BrowserStore: Keychain access previously denied, don't ask again
[07/18/18, 16:33:13:971] info: Store: persist/REHYDRATE
{
  "appTeams": {
    "selectedTeamId": "T0489DFSR",
    "teamsByIndex": [
      "T0489DFSR"
    ],
    "teamsToSignOut": []
  },
  "dialog": "[REDACTED]",
  "downloads": "[REDACTED]",
  "enterprise": {
    "T0489DFSR": null
  },
  "settings": {
    "appVersion": "3.2.1",
    "versionName": "Cartoon Heroes",
    "platform": "linux",
    "platformVersion": {
      "major": 4,
      "minor": 17,
      "build": 5
    },
    "isWin10": false,
    "isBeforeWin10": false,
    "resourcePath": "/usr/lib/slack/resources/app.asar",
    "webappSrcPath": null,
    "webappParams": null,
    "isDevMode": false,
    "devEnv": null,
    "logFile": null,
    "rxLogging": false,
    "openDevToolsOnStart": false,
    "pretendNotReallyWindows10": false,
    "releaseChannel": "prod",
    "autoHideMenuBar": false,
    "defaultSigninTeam": null,
    "isTitleBarHidden": false,
    "hasRunApp": true,
    "hasRunFromTray": true,
    "reportIssueOnStartup": false,
    "isSignedIntoSlackOrg": false,
    "isGpuCompositionAvailable": true,
    "runFromTray": true,
    "launchOnStartup": false,
    "spellcheckerLanguage": null,
    "zoomLevel": 0,
    "workspaceIdleTimeout": 43200000,
    "whitelistedUrlSchemes": [
      "http:",
      "https:",
      "mailto:",
      "skype:",
      "spotify:",
      "live:",
      "callto:",
      "tel:",
      "im:",
      "sip:",
      "sips:",
      "slack:"
    ],
    "isTitleBarForcedByUser": false,
    "isOpenExternalShellForced": false,
    "PrefSSBFileDownloadPath": "/home/noobusdeer/Downloads",
    "notificationMethod": null,
    "notificationPlayback": null,
    "notifyPosition": {
      "corner": "bottom_right",
      "display": "same_as_app"
    },
    "locale": "en-US",
    "useHwAcceleration": true,
    "os": false,
    "release": false,
    "desktopEnvironment": false,
    "isAeroGlassEnabled": false,
    "linux": {
      "os": "Arch Linux",
      "release": ""
    }
  },
  "teams": "[REDACTED]",
  "windowFrame": {
    "windowSettings": {
      "size": [
        1152,
        847
      ],
      "position": [
        384,
        127
      ],
      "isMaximized": false
    },
    "isFullScreen": false
  }
}
[07/18/18, 16:33:14:007] info: initializeMainWindowEpic: Waiting for selected team to load
{
  "selectedTeamId": "T0489DFSR"
}
[07/18/18, 16:33:14:008] info: Store: UPDATE_SETTINGS
{
  "isSignedIntoSlackOrg": false
}
[07/18/18, 16:33:14:010] info: UpdaterEpics: Updates disabled because
{
  "reasons": [
    "using Linux"
  ]
}
[07/18/18, 16:33:14:166] info: Store: INITIALIZE_SETTINGS
{
  "releaseChannel": "prod",
  "platformVersion": {
    "major": 4,
    "minor": 17,
    "build": 5
  },
  "isTitleBarHidden": false,
  "isDevMode": false,
  "appVersion": "3.2.1",
  "versionName": "Cartoon Heroes",
  "devEnv": null,
  "resourcePath": "/usr/lib/slack/resources/app.asar",
  "webappSrcPath": null,
  "webappParams": null,
  "launchOnStartup": false,
  "openDevToolsOnStart": false,
  "logFile": null,
  "pretendNotReallyWindows10": false,
  "isAeroGlassEnabled": false,
  "isGpuCompositionAvailable": true,
  "linux": {
    "os": "Arch Linux",
    "release": ""
  }
}
[07/18/18, 16:33:14:168] info: AutoLoginEpic: Checking for autologin.
[07/18/18, 16:33:14:173] info: WebContentsMediator: Attaching to new webContents
[07/18/18, 16:33:14:175] info: Store: ADD_WINDOW
{
  "id": 2,
  "type": "main"
}
[07/18/18, 16:33:14:176] info: BrowserViewManager: Starting initialization
[07/18/18, 16:33:14:177] info: BrowserViewManager: Activating BrowserView
{
  "teamId": "T0489DFSR"
}
[07/18/18, 16:33:14:177] info: BrowserViewManager: Creating BrowserView
{
  "teamId": "T0489DFSR"
}
[07/18/18, 16:33:14:178] info: WebContentsMediator: Attaching to new webContents
[07/18/18, 16:33:14:179] info: Store: UPSERT_WEB_CONTENTS
{
  "id": 3,
  "teamId": "T0489DFSR",
  "state": "unloaded"
}
[07/18/18, 16:33:14:183] info: Background Clients Update: 
+-----------+-------+------------+
|           | Full  | Background |
|-----------+-------+------------+
| T0489DFSR | start |            |
+-----------+-------+------------+
[07/18/18, 16:33:14:191] info: PersistSettingsWindowBehavior: Loading windowMetrics
{
  "settings": {
    "size": [
      1152,
      847
    ],
    "position": [
      384,
      127
    ],
    "isMaximized": false
  }
}
[07/18/18, 16:33:14:212] info: Application: Setting main window ID
{
  "id": 2
}
[07/18/18, 16:33:14:214] info: App: Welcome to Slack 3.2.1 x64
[07/18/18, 16:33:14:215] info: App load time: 1,512045746
[07/18/18, 16:33:15:365] info: Store: BACKGROUND_CLIENTS_INITIALIZED
[07/18/18, 16:33:15:381] info: Store: BACKGROUND_CLIENTS_INITIALIZED true
[07/18/18, 16:33:15:384] info: BrowserViewManager: Activating BrowserView
{
  "teamId": "T0489DFSR"
}
[07/18/18, 16:33:16:039] info: Store: SET_NETWORK_STATUS online
[07/18/18, 16:33:21:061] info: WebContents LifeCycle: webContents:3 from 'unloaded' to 'loaded' took 6876 ms
[07/18/18, 16:33:21:061] info: Store: UPSERT_WEB_CONTENTS
{
  "id": 3,
  "state": "loaded",
  "teamId": "T0489DFSR"
}
[07/18/18, 16:33:21:062] info: Background Clients Update: 
+-----------+---------+------------+
|           | Full    | Background |
|-----------+---------+------------+
| T0489DFSR | loading |            |
+-----------+---------+------------+
[07/18/18, 16:33:21:066] info: initializeMainWindowEpic: Showing main window
{
  "shouldMinimize": false,
  "shouldMaximize": false,
  "shouldHide": false
}
[07/18/18, 16:33:21:067] info: Store: MAIN_WINDOW_SHOWN
[07/18/18, 16:33:21:083] info: Store: SET_FULL_SCREEN
[07/18/18, 16:33:21:350] info: Store: UPDATE_SESSION_STATUS
{
  "hasValidSession": true,
  "teamId": "T0489DFSR"
}
[07/18/18, 16:33:21:873] info: Store: SELECT_CHANNEL C048VVD23
[07/18/18, 16:33:21:876] info: Store: UPDATE_TEAM_LOCALE
{
  "locale": "en-US"
}
[07/18/18, 16:33:21:880] info: Store: UPDATE_SETTINGS
{
  "locale": "en-US"
}
[07/18/18, 16:33:22:084] info: Store: SAVE_WINDOW_SETTINGS
{
  "size": [
    1152,
    847
  ],
  "position": [
    385,
    151
  ],
  "isMaximized": false
}
[07/18/18, 16:33:22:804] info: Store: UPDATE_TEAM_ICONS
{
  "icons": {
    "image_102": "https://slack-files2.s3-us-west-2.amazonaws.com/avatars/2015-07-27/8279470755_c21a23877fd480328fb6_102.jpg",
    "image_132": "https://slack-files2.s3-us-west-2.amazonaws.com/avatars/2015-07-27/8279470755_c21a23877fd480328fb6_132.jpg",
    "image_230": "https://slack-files2.s3-us-west-2.amazonaws.com/avatars/2015-07-27/8279470755_c21a23877fd480328fb6_132.jpg",
    "image_34": "https://slack-files2.s3-us-west-2.amazonaws.com/avatars/2015-07-27/8279470755_c21a23877fd480328fb6_34.jpg",
    "image_44": "https://slack-files2.s3-us-west-2.amazonaws.com/avatars/2015-07-27/8279470755_c21a23877fd480328fb6_44.jpg",
    "image_68": "https://slack-files2.s3-us-west-2.amazonaws.com/avatars/2015-07-27/8279470755_c21a23877fd480328fb6_68.jpg",
    "image_88": "https://slack-files2.s3-us-west-2.amazonaws.com/avatars/2015-07-27/8279470755_c21a23877fd480328fb6_88.jpg",
    "image_original": "https://slack-files2.s3-us-west-2.amazonaws.com/avatars/2015-07-27/8279470755_c21a23877fd480328fb6_original.jpg"
  },
  "teamId": "T0489DFSR"
}
[07/18/18, 16:33:22:984] info: Store: UPDATE_TEAM_LOCALE
{
  "locale": "en-US",
  "teamId": "T0489DFSR"
}
[07/18/18, 16:33:22:997] info: WebContents LifeCycle: webContents:3 from 'loaded' to 'webapp-loaded' took 1936 ms
[07/18/18, 16:33:22:997] info: Store: UPSERT_WEB_CONTENTS
{
  "id": 3,
  "state": "webapp-loaded",
  "teamId": "T0489DFSR"
}
[07/18/18, 16:33:22:998] info: Background Clients Update: 
+-----------+-------+------------+
|           | Full  | Background |
|-----------+-------+------------+
| T0489DFSR | ready |            |
+-----------+-------+------------+
[07/18/18, 16:33:23:081] info: Store: UPDATE_TEAM_THEME
{
  "teamId": "T0489DFSR",
  "theme": {
    "active_item": "#6698C8",
    "active_item_text": "#FFFFFF",
    "active_presence": "#94E864",
    "badge": "#78AF8F",
    "column_bg": "#303E4D",
    "hover_item": "#4A5664",
    "menu_bg": "#2C3849",
    "text_color": "#FFFFFF"
  }
}
[07/18/18, 16:33:23:167] info: Store: STORE_ENTERPRISE_ID_PAIR
{
  "teamId": "T0489DFSR",
  "enterpriseId": null
}
[07/18/18, 16:33:23:169] info: Store: STORE_API_TOKEN
{
  "token": "xoxs-⋯",
  "teamId": "T0489DFSR"
}
[07/18/18, 16:33:25:635] info: WindowCloseBehavior: Attempted to close the window, hiding due to run from tray
[07/18/18, 16:33:25:657] info: Store: SET_FULL_SCREEN
[07/18/18, 16:33:26:654] info: Store: SAVE_WINDOW_SETTINGS
{
  "size": [
    1152,
    847
  ],
  "position": [
    384,
    127
  ],
  "isMaximized": false
}
[07/23/18, 10:42:58:502] info: ╔═════════════════════════════════════════════════════════════════════════════╗
[07/23/18, 10:42:58:504] info: ║      Slack 3.2.1, linux 4.17.6-1-ARCH on x64 at 07/23/18, 10:42:58:499      ║
[07/23/18, 10:42:58:504] info: ╚═════════════════════════════════════════════════════════════════════════════╝
[07/23/18, 10:42:59:148] info: Initializing local storage instance at path: /home/noobusdeer/.config/Slack/local-settings.json
[07/23/18, 10:42:59:358] info: TraceRecorder: setting up trace recorder, trace will be stored under /home/noobusdeer/.config/Slack/logs/recorded-trace
[07/23/18, 10:42:59:367] info: Configuring uncaughtExceptionHandler
[07/23/18, 10:42:59:367] info: Configuring unhandledRejectionHandler
[07/23/18, 10:42:59:367] info: Registered with apiKey acaff8df67924f677747922423057034
[07/23/18, 10:42:59:651] info: BrowserStore: Keychain access previously denied, don't ask again
[07/23/18, 10:42:59:665] info: Store: persist/REHYDRATE
{
  "appTeams": {
    "selectedTeamId": "T0489DFSR",
    "teamsByIndex": [
      "T0489DFSR"
    ],
    "teamsToSignOut": []
  },
  "dialog": "[REDACTED]",
  "downloads": "[REDACTED]",
  "enterprise": {
    "T0489DFSR": null
  },
  "settings": {
    "appVersion": "3.2.1",
    "versionName": "Cartoon Heroes",
    "platform": "linux",
    "platformVersion": {
      "major": 4,
      "minor": 17,
      "build": 5
    },
    "isWin10": false,
    "isBeforeWin10": false,
    "resourcePath": "/usr/lib/slack/resources/app.asar",
    "webappSrcPath": null,
    "webappParams": null,
    "isDevMode": false,
    "devEnv": null,
    "logFile": null,
    "rxLogging": false,
    "openDevToolsOnStart": false,
    "pretendNotReallyWindows10": false,
    "releaseChannel": "prod",
    "autoHideMenuBar": false,
    "defaultSigninTeam": null,
    "isTitleBarHidden": false,
    "hasRunApp": true,
    "hasRunFromTray": true,
    "reportIssueOnStartup": false,
    "isSignedIntoSlackOrg": false,
    "isGpuCompositionAvailable": true,
    "runFromTray": true,
    "launchOnStartup": false,
    "spellcheckerLanguage": null,
    "zoomLevel": 0,
    "workspaceIdleTimeout": 43200000,
    "whitelistedUrlSchemes": [
      "http:",
      "https:",
      "mailto:",
      "skype:",
      "spotify:",
      "live:",
      "callto:",
      "tel:",
      "im:",
      "sip:",
      "sips:",
      "slack:"
    ],
    "isTitleBarForcedByUser": false,
    "isOpenExternalShellForced": false,
    "PrefSSBFileDownloadPath": "/home/noobusdeer/Downloads",
    "notificationMethod": null,
    "notificationPlayback": null,
    "notifyPosition": {
      "corner": "bottom_right",
      "display": "same_as_app"
    },
    "locale": "en-US",
    "useHwAcceleration": true,
    "os": false,
    "release": false,
    "desktopEnvironment": false,
    "isAeroGlassEnabled": false,
    "linux": {
      "os": "Arch Linux",
      "release": ""
    }
  },
  "teams": "[REDACTED]",
  "windowFrame": {
    "windowSettings": {
      "size": [
        1152,
        847
      ],
      "position": [
        384,
        127
      ],
      "isMaximized": false
    },
    "isFullScreen": false
  }
}
[07/23/18, 10:42:59:714] info: initializeMainWindowEpic: Waiting for selected team to load
{
  "selectedTeamId": "T0489DFSR"
}
[07/23/18, 10:42:59:714] info: Store: UPDATE_SETTINGS
{
  "isSignedIntoSlackOrg": false
}
[07/23/18, 10:42:59:717] info: UpdaterEpics: Updates disabled because
{
  "reasons": [
    "using Linux"
  ]
}
[07/23/18, 10:42:59:937] info: Store: INITIALIZE_SETTINGS
{
  "releaseChannel": "prod",
  "platformVersion": {
    "major": 4,
    "minor": 17,
    "build": 6
  },
  "isTitleBarHidden": false,
  "isDevMode": false,
  "appVersion": "3.2.1",
  "versionName": "Cartoon Heroes",
  "devEnv": null,
  "resourcePath": "/usr/lib/slack/resources/app.asar",
  "webappSrcPath": null,
  "webappParams": null,
  "launchOnStartup": false,
  "openDevToolsOnStart": false,
  "logFile": null,
  "pretendNotReallyWindows10": false,
  "isAeroGlassEnabled": false,
  "isGpuCompositionAvailable": true,
  "linux": {
    "os": "Arch Linux",
    "release": ""
  }
}
[07/23/18, 10:42:59:939] info: AutoLoginEpic: Checking for autologin.
[07/23/18, 10:42:59:948] info: WebContentsMediator: Attaching to new webContents
[07/23/18, 10:42:59:951] info: Store: ADD_WINDOW
{
  "id": 2,
  "type": "main"
}
[07/23/18, 10:42:59:952] info: BrowserViewManager: Starting initialization
[07/23/18, 10:42:59:952] info: BrowserViewManager: Activating BrowserView
{
  "teamId": "T0489DFSR"
}
[07/23/18, 10:42:59:952] info: BrowserViewManager: Creating BrowserView
{
  "teamId": "T0489DFSR"
}
[07/23/18, 10:42:59:954] info: WebContentsMediator: Attaching to new webContents
[07/23/18, 10:42:59:955] info: Store: UPSERT_WEB_CONTENTS
{
  "id": 3,
  "teamId": "T0489DFSR",
  "state": "unloaded"
}
[07/23/18, 10:42:59:963] info: Background Clients Update: 
+-----------+-------+------------+
|           | Full  | Background |
|-----------+-------+------------+
| T0489DFSR | start |            |
+-----------+-------+------------+
[07/23/18, 10:42:59:972] info: PersistSettingsWindowBehavior: Loading windowMetrics
{
  "settings": {
    "size": [
      1152,
      847
    ],
    "position": [
      384,
      127
    ],
    "isMaximized": false
  }
}
[07/23/18, 10:43:00:001] info: Application: Setting main window ID
{
  "id": 2
}
[07/23/18, 10:43:00:003] info: App: Welcome to Slack 3.2.1 x64
[07/23/18, 10:43:00:003] info: App load time: 1,948392469
[07/23/18, 10:43:02:069] info: Store: BACKGROUND_CLIENTS_INITIALIZED
[07/23/18, 10:43:02:099] info: Store: BACKGROUND_CLIENTS_INITIALIZED true
[07/23/18, 10:43:02:101] info: BrowserViewManager: Activating BrowserView
{
  "teamId": "T0489DFSR"
}
[07/23/18, 10:43:02:671] info: Store: SET_NETWORK_STATUS online
[07/23/18, 10:43:07:641] info: WebContents LifeCycle: webContents:3 from 'unloaded' to 'loaded' took 7677 ms
[07/23/18, 10:43:07:641] info: Store: UPSERT_WEB_CONTENTS
{
  "id": 3,
  "state": "loaded",
  "teamId": "T0489DFSR"
}
[07/23/18, 10:43:07:644] info: Background Clients Update: 
+-----------+---------+------------+
|           | Full    | Background |
|-----------+---------+------------+
| T0489DFSR | loading |            |
+-----------+---------+------------+
[07/23/18, 10:43:07:647] info: initializeMainWindowEpic: Showing main window
{
  "shouldMinimize": false,
  "shouldMaximize": false,
  "shouldHide": false
}
[07/23/18, 10:43:07:648] info: Store: MAIN_WINDOW_SHOWN
[07/23/18, 10:43:07:663] info: Store: SET_FULL_SCREEN
[07/23/18, 10:43:07:896] info: Store: UPDATE_SESSION_STATUS
{
  "hasValidSession": true,
  "teamId": "T0489DFSR"
}
[07/23/18, 10:43:08:480] info: Store: SELECT_CHANNEL C048VVD23
[07/23/18, 10:43:08:483] info: Store: UPDATE_TEAM_LOCALE
{
  "locale": "en-US",
  "teamId": "T0489DFSR"
}
[07/23/18, 10:43:08:487] info: Store: UPDATE_SETTINGS
{
  "locale": "en-US"
}
[07/23/18, 10:43:08:497] info: Store: UPDATE_TEAM_THEME
{
  "teamId": "T0489DFSR",
  "theme": {
    "active_item": "#6698C8",
    "active_item_text": "#FFFFFF",
    "active_presence": "#94E864",
    "badge": "#78AF8F",
    "column_bg": "#303E4D",
    "hover_item": "#4A5664",
    "menu_bg": "#2C3849",
    "text_color": "#FFFFFF"
  }
}
[07/23/18, 10:43:09:099] info: Store: SET_FULL_SCREEN
[07/23/18, 10:43:09:568] info: Store: UPDATE_TEAM_ICONS
{
  "icons": {
    "image_102": "https://slack-files2.s3-us-west-2.amazonaws.com/avatars/2015-07-27/8279470755_c21a23877fd480328fb6_102.jpg",
    "image_132": "https://slack-files2.s3-us-west-2.amazonaws.com/avatars/2015-07-27/8279470755_c21a23877fd480328fb6_132.jpg",
    "image_230": "https://slack-files2.s3-us-west-2.amazonaws.com/avatars/2015-07-27/8279470755_c21a23877fd480328fb6_132.jpg",
    "image_34": "https://slack-files2.s3-us-west-2.amazonaws.com/avatars/2015-07-27/8279470755_c21a23877fd480328fb6_34.jpg",
    "image_44": "https://slack-files2.s3-us-west-2.amazonaws.com/avatars/2015-07-27/8279470755_c21a23877fd480328fb6_44.jpg",
    "image_68": "https://slack-files2.s3-us-west-2.amazonaws.com/avatars/2015-07-27/8279470755_c21a23877fd480328fb6_68.jpg",
    "image_88": "https://slack-files2.s3-us-west-2.amazonaws.com/avatars/2015-07-27/8279470755_c21a23877fd480328fb6_88.jpg",
    "image_original": "https://slack-files2.s3-us-west-2.amazonaws.com/avatars/2015-07-27/8279470755_c21a23877fd480328fb6_original.jpg"
  },
  "teamId": "T0489DFSR"
}
[07/23/18, 10:43:09:732] info: Store: UPDATE_TEAM_LOCALE
{
  "locale": "en-US",
  "teamId": "T0489DFSR"
}
[07/23/18, 10:43:09:748] info: WebContents LifeCycle: webContents:3 from 'loaded' to 'webapp-loaded' took 2107 ms
[07/23/18, 10:43:09:748] info: Store: UPSERT_WEB_CONTENTS
{
  "id": 3,
  "state": "webapp-loaded",
  "teamId": "T0489DFSR"
}
[07/23/18, 10:43:09:749] info: Background Clients Update: 
+-----------+-------+------------+
|           | Full  | Background |
|-----------+-------+------------+
| T0489DFSR | ready |            |
+-----------+-------+------------+
[07/23/18, 10:43:09:952] info: Store: STORE_ENTERPRISE_ID_PAIR
{
  "teamId": "T0489DFSR",
  "enterpriseId": null
}
[07/23/18, 10:43:09:957] info: Store: STORE_API_TOKEN
{
  "token": "xoxs-⋯",
  "teamId": "T0489DFSR"
}
[07/23/18, 10:43:10:099] info: Store: SAVE_WINDOW_SETTINGS
{
  "size": [
    1152,
    1036
  ],
  "position": [
    1,
    43
  ],
  "isMaximized": false
}
[07/23/18, 10:43:29:492] info: Store: SHOW_LOGIN_DIALOG
[07/23/18, 10:43:29:502] info: WebContentsMediator: Attaching to new webContents
[07/23/18, 10:43:29:510] info: Store: ADD_WINDOW
{
  "id": 3,
  "type": "sign-in"
}
[07/23/18, 10:43:29:513] info: SignInEpic: Loading URL in new window https://slack.com/signin
[07/23/18, 10:43:35:158] info: SignInEpic: Page redirect
{
  "newURL": "https://nannou.slack.com/"
}
[07/23/18, 10:43:35:159] info: SignInEpic: Page redirect
{
  "newURL": "https://nannou.slack.com/"
}
[07/23/18, 10:43:48:244] info: SignInEpic: Page redirect
{
  "newURL": "https://slack.com/checkcookie?redir=https%3A%2F%2Fnannou.slack.com%2Fsignin%3Fssb_success%3D1%26ssb_relogin%3D"
}
[07/23/18, 10:43:48:244] info: SignInEpic: Page redirect
{
  "newURL": "https://slack.com/checkcookie?redir=https%3A%2F%2Fnannou.slack.com%2Fsignin%3Fssb_success%3D1%26ssb_relogin%3D"
}
[07/23/18, 10:43:48:496] info: SignInEpic: Page redirect
{
  "newURL": "https://nannou.slack.com/signin?ssb_success=1&ssb_relogin="
}
[07/23/18, 10:43:48:496] info: SignInEpic: Page redirect
{
  "newURL": "https://nannou.slack.com/signin?ssb_success=1&ssb_relogin="
}
[07/23/18, 10:43:49:101] info: SignInEpic: Received team(s) from the webapp
[07/23/18, 10:43:49:101] info: SignInEpic: Got signal!
[07/23/18, 10:43:49:101] info: SignInEpic: Sign-in window closed
[07/23/18, 10:43:49:101] info: Store: REMOVE_WINDOW 3
[07/23/18, 10:43:49:106] info: maybeQuitAppAction
{
  "canceledSignIn": false,
  "hasNoTeams": false
}
[07/23/18, 10:43:49:106] info: SignInEpic: End of the road
{
  "action": "ADD_NEW_TEAM"
}
[07/23/18, 10:43:49:106] info: Store: ADD_NEW_TEAM
{
  "id": "UBUDSSWTV",
  "name": "[REDACTED]",
  "team_id": "T9N91JR9B",
  "team_name": "[REDACTED]",
  "team_url": "[REDACTED]"
}
[07/23/18, 10:43:49:115] info: BrowserViewManager: Creating views for 1 new teams
[07/23/18, 10:43:49:116] info: BrowserViewManager: Activating BrowserView
{
  "teamId": "T9N91JR9B"
}
[07/23/18, 10:43:49:116] info: BrowserViewManager: Creating BrowserView
{
  "teamId": "T9N91JR9B"
}
[07/23/18, 10:43:49:118] info: WebContentsMediator: Attaching to new webContents
[07/23/18, 10:43:49:118] info: Store: UPSERT_WEB_CONTENTS
{
  "id": 5,
  "teamId": "T9N91JR9B",
  "state": "unloaded"
}
[07/23/18, 10:43:49:120] info: Background Clients Update: 
+-----------+-------+------------+
|           | Full  | Background |
|-----------+-------+------------+
| T0489DFSR | ready |            |
|-----------+-------+------------+
| T9N91JR9B | start |            |
+-----------+-------+------------+
[07/23/18, 10:43:49:136] info: BrowserViewManager: Activating BrowserView
{
  "teamId": "T9N91JR9B"
}
[07/23/18, 10:43:49:139] info: Background Clients Update: 
+-----------+-------+------------+
|           | Full  | Background |
|-----------+-------+------------+
| T0489DFSR | ready |            |
|-----------+-------+------------+
| T9N91JR9B | start |            |
+-----------+-------+------------+
[07/23/18, 10:43:54:980] info: WebContents LifeCycle: webContents:5 from 'unloaded' to 'loaded' took 5851 ms
[07/23/18, 10:43:54:981] info: Store: UPSERT_WEB_CONTENTS
{
  "id": 5,
  "state": "loaded",
  "teamId": "T9N91JR9B"
}
[07/23/18, 10:43:54:985] info: Background Clients Update: 
+-----------+---------+------------+
|           | Full    | Background |
|-----------+---------+------------+
| T0489DFSR | ready   |            |
|-----------+---------+------------+
| T9N91JR9B | loading |            |
+-----------+---------+------------+
[07/23/18, 10:43:55:264] info: Store: UPDATE_SESSION_STATUS
{
  "hasValidSession": true,
  "teamId": "T9N91JR9B"
}
[07/23/18, 10:43:56:281] info: Store: UPDATE_TEAM_ICONS
{
  "icons": {
    "image_102": "https://slack-files2.s3-us-west-2.amazonaws.com/avatars/2018-06-13/380405616482_80da8d75c5a597ace2b5_102.png",
    "image_132": "https://slack-files2.s3-us-west-2.amazonaws.com/avatars/2018-06-13/380405616482_80da8d75c5a597ace2b5_132.png",
    "image_230": "https://slack-files2.s3-us-west-2.amazonaws.com/avatars/2018-06-13/380405616482_80da8d75c5a597ace2b5_230.png",
    "image_34": "https://slack-files2.s3-us-west-2.amazonaws.com/avatars/2018-06-13/380405616482_80da8d75c5a597ace2b5_34.png",
    "image_44": "https://slack-files2.s3-us-west-2.amazonaws.com/avatars/2018-06-13/380405616482_80da8d75c5a597ace2b5_44.png",
    "image_68": "https://slack-files2.s3-us-west-2.amazonaws.com/avatars/2018-06-13/380405616482_80da8d75c5a597ace2b5_68.png",
    "image_88": "https://slack-files2.s3-us-west-2.amazonaws.com/avatars/2018-06-13/380405616482_80da8d75c5a597ace2b5_88.png",
    "image_original": "https://slack-files2.s3-us-west-2.amazonaws.com/avatars/2018-06-13/380405616482_80da8d75c5a597ace2b5_original.png"
  },
  "teamId": "T9N91JR9B"
}
[07/23/18, 10:43:56:850] info: Store: SELECT_CHANNEL C9P70BCH5
[07/23/18, 10:43:56:862] info: Store: UPDATE_TEAM_LOCALE
{
  "locale": "en-US",
  "teamId": "T9N91JR9B"
}
[07/23/18, 10:43:56:873] info: Store: UPDATE_TEAM_THEME
{
  "teamId": "T9N91JR9B",
  "theme": {
    "active_item": "#4C9689",
    "active_item_text": "#FFFFFF",
    "active_presence": "#38978D",
    "badge": "#EB4D5C",
    "column_bg": "#4D394B",
    "hover_item": "#3E313C",
    "menu_bg": "#3E313C",
    "text_color": "#FFFFFF"
  }
}
[07/23/18, 10:43:57:097] info: Store: SELECT_CHANNEL DBUDSSYHH
[07/23/18, 10:43:57:148] info: WebContents LifeCycle: webContents:5 from 'loaded' to 'webapp-loaded' took 2168 ms
[07/23/18, 10:43:57:148] info: Store: UPSERT_WEB_CONTENTS
{
  "id": 5,
  "state": "webapp-loaded",
  "teamId": "T9N91JR9B"
}
[07/23/18, 10:43:57:152] info: Background Clients Update: 
+-----------+-------+------------+
|           | Full  | Background |
|-----------+-------+------------+
| T0489DFSR | ready |            |
|-----------+-------+------------+
| T9N91JR9B | ready |            |
+-----------+-------+------------+
[07/23/18, 10:43:57:485] info: Store: STORE_ENTERPRISE_ID_PAIR
{
  "teamId": "T9N91JR9B",
  "enterpriseId": null
}
[07/23/18, 10:43:57:488] info: Store: STORE_API_TOKEN
{
  "token": "xoxs-⋯",
  "teamId": "T9N91JR9B"
}
[07/23/18, 10:44:15:283] info: Store: MAIN_WINDOW_FOCUSED
[07/23/18, 10:44:15:349] info: Store: SELECT_TEAM T9N91JR9B
[07/23/18, 10:44:24:280] info: Store: MAIN_WINDOW_FOCUSED
[07/23/18, 10:44:24:391] info: Store: SELECT_TEAM T0489DFSR
[07/23/18, 10:44:24:393] info: BrowserViewManager: Activating BrowserView
{
  "teamId": "T0489DFSR"
}
[07/23/18, 10:44:24:397] info: dispatchWebappEventsEpic: Dispatch 'blur' on T9N91JR9B, 'focus' on T0489DFSR
[07/23/18, 10:44:25:241] info: Store: MAIN_WINDOW_FOCUSED
[07/23/18, 10:44:25:328] info: Store: SELECT_TEAM T9N91JR9B
[07/23/18, 10:44:25:334] info: BrowserViewManager: Activating BrowserView
{
  "teamId": "T9N91JR9B"
}
[07/23/18, 10:44:25:345] info: dispatchWebappEventsEpic: Dispatch 'blur' on T0489DFSR, 'focus' on T9N91JR9B
[07/23/18, 10:44:39:766] info: Store: SELECT_CHANNEL C9P70BCH5
[07/23/18, 10:44:49:735] info: Store: MAIN_WINDOW_FOCUSED
[07/23/18, 10:44:49:801] info: Store: SELECT_TEAM T9N91JR9B
[07/23/18, 10:44:58:623] info: Store: SHOW_WEBAPP_DIALOG
{
  "dialogType": "prefs"
}
[07/23/18, 10:45:12:005] info: Store: OPEN_CONTEXT_MENU
{
  "id": 5,
  "params": "[REDACTED]"
}
[07/23/18, 10:45:36:289] info: Store: OPEN_CONTEXT_MENU
{
  "id": 5,
  "params": "[REDACTED]"
}
[07/23/18, 10:46:54:458] info: Store: UPDATE_TEAM_THEME
{
  "teamId": "T9N91JR9B",
  "theme": {
    "active_item": "#6698C8",
    "active_item_text": "#FFFFFF",
    "active_presence": "#94E864",
    "badge": "#78AF8F",
    "column_bg": "#303E4D",
    "hover_item": "#4A5664",
    "menu_bg": "#2C3849",
    "text_color": "#FFFFFF"
  }
}
[07/23/18, 10:47:06:350] info: Store: MAIN_WINDOW_FOCUSED
[07/23/18, 10:47:06:449] info: Store: SELECT_TEAM T0489DFSR
[07/23/18, 10:47:06:451] info: BrowserViewManager: Activating BrowserView
{
  "teamId": "T0489DFSR"
}
[07/23/18, 10:47:06:454] info: dispatchWebappEventsEpic: Dispatch 'blur' on T9N91JR9B, 'focus' on T0489DFSR
[07/23/18, 10:47:10:311] info: Store: SELECT_CHANNEL C0489DFTF
[07/23/18, 10:47:31:350] info: Store: MAIN_WINDOW_FOCUSED
[07/23/18, 10:47:31:442] info: Store: SELECT_TEAM T9N91JR9B
[07/23/18, 10:47:31:443] info: BrowserViewManager: Activating BrowserView
{
  "teamId": "T9N91JR9B"
}
[07/23/18, 10:47:31:448] info: dispatchWebappEventsEpic: Dispatch 'blur' on T0489DFSR, 'focus' on T9N91JR9B
[07/23/18, 10:47:32:101] info: Store: MAIN_WINDOW_FOCUSED
[07/23/18, 10:47:33:048] info: Store: SET_TEAMS_BY_INDEX
[
  "T9N91JR9B",
  "T0489DFSR"
]
[07/23/18, 10:47:49:699] info: Store: SELECT_CHANNEL CBTGL5QHM
[07/23/18, 10:48:00:430] info: Store: SELECT_CHANNEL CAB2UBAAE
[07/23/18, 10:48:12:022] info: Store: SELECT_CHANNEL C9P70BCH5
[07/23/18, 10:48:14:288] info: Store: SELECT_CHANNEL C9P70BCS3
[07/23/18, 10:49:32:142] info: Store: SELECT_CHANNEL C9P70BCH5
[07/23/18, 12:37:35:146] info: WindowCloseBehavior: Attempted to close the window, hiding due to run from tray
[07/23/18, 12:37:35:155] info: Store: SET_FULL_SCREEN
[07/23/18, 12:37:36:159] info: Store: SAVE_WINDOW_SETTINGS
{
  "size": [
    1152,
    847
  ],
  "position": [
    0,
    127
  ],
  "isMaximized": false
}
