[07/18/18, 15:45:52:363] info: ╔═════════════════════════════════════════════════════════════════════════════╗
[07/18/18, 15:45:52:364] info: ║      Slack 3.2.1, linux 4.17.5-1-ARCH on x64 at 07/18/18, 15:45:52:360      ║
[07/18/18, 15:45:52:364] info: ╚═════════════════════════════════════════════════════════════════════════════╝
[07/18/18, 15:45:52:568] info: Initializing local storage instance at path: /home/noobusdeer/.config/Slack/local-settings.json
[07/18/18, 15:45:52:744] info: NetworkStatus: Waiting for network online…
[07/18/18, 15:45:52:990] info: Store: BACKGROUND_CLIENTS_INITIALIZED
[07/18/18, 15:45:52:996] info: Store: BACKGROUND_CLIENTS_INITIALIZED true
[07/18/18, 15:45:53:383] info: NetworkStatus: Response from api.test
{
  "status": "online"
}
[07/18/18, 15:45:53:791] info: Store: SET_NETWORK_STATUS online
[07/18/18, 15:45:53:798] info: Store: MAIN_WINDOW_SHOWN
[07/18/18, 15:45:53:854] info: Store: ADD_WINDOW
{
  "id": 3,
  "type": "sign-in"
}
[07/18/18, 15:46:21:920] info: Store: REMOVE_WINDOW 3
[07/18/18, 15:46:21:927] info: Store: ADD_NEW_TEAM
{
  "id": "U5ALWV8SU",
  "name": "[REDACTED]",
  "team_id": "T0489DFSR",
  "team_name": "[REDACTED]",
  "team_url": "[REDACTED]"
}
[07/18/18, 15:46:21:938] info: Store: UPSERT_WEB_CONTENTS
{
  "id": 4,
  "state": "unloaded",
  "teamId": "T0489DFSR"
}
[07/18/18, 15:46:22:028] info: Store: SET_FULL_SCREEN
[07/18/18, 15:46:22:981] info: Store: SAVE_WINDOW_SETTINGS
{
  "isMaximized": false,
  "position": [
    385,
    151
  ],
  "size": [
    1152,
    847
  ]
}
[07/18/18, 15:46:27:143] info: Store: UPSERT_WEB_CONTENTS
{
  "id": 4,
  "state": "loaded",
  "teamId": "T0489DFSR"
}
[07/18/18, 15:46:27:397] info: Store: UPDATE_SESSION_STATUS
{
  "hasValidSession": true,
  "teamId": "T0489DFSR"
}
[07/18/18, 15:46:27:987] info: Store: SELECT_CHANNEL C0489DFTF
[07/18/18, 15:46:27:993] info: Store: UPDATE_TEAM_LOCALE
{
  "locale": "en-US",
  "teamId": "T0489DFSR"
}
[07/18/18, 15:46:27:995] info: Store: UPDATE_SETTINGS
{
  "locale": "en-US"
}
[07/18/18, 15:46:28:004] info: Store: UPDATE_TEAM_THEME
{
  "teamId": "T0489DFSR",
  "theme": {
    "active_item": "#6698C8",
    "active_item_text": "#FFFFFF",
    "active_presence": "#94E864",
    "badge": "#78AF8F",
    "column_bg": "#303E4D",
    "hover_item": "#4A5664",
    "menu_bg": "#2C3849",
    "text_color": "#FFFFFF"
  }
}
[07/18/18, 15:46:28:198] info: Store: UPDATE_TEAM_ICONS
{
  "icons": {
    "image_102": "https://slack-files2.s3-us-west-2.amazonaws.com/avatars/2015-07-27/8279470755_c21a23877fd480328fb6_102.jpg",
    "image_132": "https://slack-files2.s3-us-west-2.amazonaws.com/avatars/2015-07-27/8279470755_c21a23877fd480328fb6_132.jpg",
    "image_230": "https://slack-files2.s3-us-west-2.amazonaws.com/avatars/2015-07-27/8279470755_c21a23877fd480328fb6_132.jpg",
    "image_34": "https://slack-files2.s3-us-west-2.amazonaws.com/avatars/2015-07-27/8279470755_c21a23877fd480328fb6_34.jpg",
    "image_44": "https://slack-files2.s3-us-west-2.amazonaws.com/avatars/2015-07-27/8279470755_c21a23877fd480328fb6_44.jpg",
    "image_68": "https://slack-files2.s3-us-west-2.amazonaws.com/avatars/2015-07-27/8279470755_c21a23877fd480328fb6_68.jpg",
    "image_88": "https://slack-files2.s3-us-west-2.amazonaws.com/avatars/2015-07-27/8279470755_c21a23877fd480328fb6_88.jpg",
    "image_original": "https://slack-files2.s3-us-west-2.amazonaws.com/avatars/2015-07-27/8279470755_c21a23877fd480328fb6_original.jpg"
  },
  "teamId": "T0489DFSR"
}
[07/18/18, 15:46:28:324] info: Store: UPDATE_TEAM_LOCALE
{
  "locale": "en-US",
  "teamId": "T0489DFSR"
}
[07/18/18, 15:46:28:336] info: Store: UPSERT_WEB_CONTENTS
{
  "id": 4,
  "state": "webapp-loaded",
  "teamId": "T0489DFSR"
}
[07/18/18, 15:46:28:868] info: Store: STORE_ENTERPRISE_ID_PAIR
{
  "enterpriseId": null,
  "teamId": "T0489DFSR"
}
[07/18/18, 15:46:28:870] info: Store: STORE_API_TOKEN
{
  "teamId": "T0489DFSR",
  "token": "xoxs-⋯"
}
[07/18/18, 15:46:35:732] info: Store: SELECT_CHANNEL C048VVD23
[07/18/18, 15:46:49:794] info: Store: SELECT_CHANNEL C0489DFTM
[07/18/18, 15:47:34:789] info: Store: SELECT_CHANNEL C048VVD23
[07/18/18, 16:08:32:217] info: Store: UPDATE_SETTINGS
{
  "hasRunFromTray": true
}
[07/18/18, 16:08:32:219] info: Store: SHOW_TRAY_BALLOON
{
  "content": "Slack’s set to stay running in the notification area. To change this, visit Preferences > Linux App.",
  "title": "Why didn’t Slack quit?"
}
[07/18/18, 16:08:32:259] info: Store: SET_FULL_SCREEN
[07/18/18, 16:08:33:243] info: Store: SAVE_WINDOW_SETTINGS
{
  "isMaximized": false,
  "position": [
    384,
    127
  ],
  "size": [
    1152,
    847
  ]
}
