[07/23/18, 10:43:00:690] info: ╔═════════════════════════════════════════════════════════════════════════════╗
[07/23/18, 10:43:00:692] info: ║      Slack 3.2.1, linux 4.17.6-1-ARCH on x64 at 07/23/18, 10:43:00:686      ║
[07/23/18, 10:43:00:692] info: ╚═════════════════════════════════════════════════════════════════════════════╝
[07/23/18, 10:43:01:050] info: Initializing local storage instance at path: /home/noobusdeer/.config/Slack/local-settings.json
[07/23/18, 10:43:01:407] info: NetworkStatus: Waiting for network online…
[07/23/18, 10:43:02:081] info: Store: BACKGROUND_CLIENTS_INITIALIZED
[07/23/18, 10:43:02:092] info: Don't start background client because T0489DFSR is selected team
[07/23/18, 10:43:02:106] info: Store: BACKGROUND_CLIENTS_INITIALIZED true
[07/23/18, 10:43:02:268] info: NetworkStatus: Response from api.test
{
  "status": "online"
}
[07/23/18, 10:43:02:671] info: Store: SET_NETWORK_STATUS online
[07/23/18, 10:43:07:642] info: Store: UPSERT_WEB_CONTENTS
{
  "id": 3,
  "state": "loaded",
  "teamId": "T0489DFSR"
}
[07/23/18, 10:43:07:654] info: Store: MAIN_WINDOW_SHOWN
[07/23/18, 10:43:07:665] info: Store: SET_FULL_SCREEN
[07/23/18, 10:43:07:896] info: Store: UPDATE_SESSION_STATUS
{
  "hasValidSession": true,
  "teamId": "T0489DFSR"
}
[07/23/18, 10:43:08:481] info: Store: SELECT_CHANNEL C048VVD23
[07/23/18, 10:43:08:484] info: Store: UPDATE_TEAM_LOCALE
{
  "locale": "en-US",
  "teamId": "T0489DFSR"
}
[07/23/18, 10:43:08:487] info: Store: UPDATE_SETTINGS
{
  "locale": "en-US"
}
[07/23/18, 10:43:08:498] info: Store: UPDATE_TEAM_THEME
{
  "teamId": "T0489DFSR",
  "theme": {
    "active_item": "#6698C8",
    "active_item_text": "#FFFFFF",
    "active_presence": "#94E864",
    "badge": "#78AF8F",
    "column_bg": "#303E4D",
    "hover_item": "#4A5664",
    "menu_bg": "#2C3849",
    "text_color": "#FFFFFF"
  }
}
[07/23/18, 10:43:09:099] info: Store: SET_FULL_SCREEN
[07/23/18, 10:43:09:571] info: Store: UPDATE_TEAM_ICONS
{
  "icons": {
    "image_102": "https://slack-files2.s3-us-west-2.amazonaws.com/avatars/2015-07-27/8279470755_c21a23877fd480328fb6_102.jpg",
    "image_132": "https://slack-files2.s3-us-west-2.amazonaws.com/avatars/2015-07-27/8279470755_c21a23877fd480328fb6_132.jpg",
    "image_230": "https://slack-files2.s3-us-west-2.amazonaws.com/avatars/2015-07-27/8279470755_c21a23877fd480328fb6_132.jpg",
    "image_34": "https://slack-files2.s3-us-west-2.amazonaws.com/avatars/2015-07-27/8279470755_c21a23877fd480328fb6_34.jpg",
    "image_44": "https://slack-files2.s3-us-west-2.amazonaws.com/avatars/2015-07-27/8279470755_c21a23877fd480328fb6_44.jpg",
    "image_68": "https://slack-files2.s3-us-west-2.amazonaws.com/avatars/2015-07-27/8279470755_c21a23877fd480328fb6_68.jpg",
    "image_88": "https://slack-files2.s3-us-west-2.amazonaws.com/avatars/2015-07-27/8279470755_c21a23877fd480328fb6_88.jpg",
    "image_original": "https://slack-files2.s3-us-west-2.amazonaws.com/avatars/2015-07-27/8279470755_c21a23877fd480328fb6_original.jpg"
  },
  "teamId": "T0489DFSR"
}
[07/23/18, 10:43:09:733] info: Store: UPDATE_TEAM_LOCALE
{
  "locale": "en-US",
  "teamId": "T0489DFSR"
}
[07/23/18, 10:43:09:749] info: Store: UPSERT_WEB_CONTENTS
{
  "id": 3,
  "state": "webapp-loaded",
  "teamId": "T0489DFSR"
}
[07/23/18, 10:43:09:962] info: Store: STORE_ENTERPRISE_ID_PAIR
{
  "enterpriseId": null,
  "teamId": "T0489DFSR"
}
[07/23/18, 10:43:09:963] info: Store: STORE_API_TOKEN
{
  "teamId": "T0489DFSR",
  "token": "xoxs-⋯"
}
[07/23/18, 10:43:10:100] info: Store: SAVE_WINDOW_SETTINGS
{
  "isMaximized": false,
  "position": [
    1,
    43
  ],
  "size": [
    1152,
    1036
  ]
}
[07/23/18, 10:43:29:495] info: Store: SHOW_LOGIN_DIALOG
[07/23/18, 10:43:29:512] info: Store: ADD_WINDOW
{
  "id": 3,
  "type": "sign-in"
}
[07/23/18, 10:43:49:102] info: Store: REMOVE_WINDOW 3
[07/23/18, 10:43:49:113] info: Store: ADD_NEW_TEAM
{
  "id": "UBUDSSWTV",
  "name": "[REDACTED]",
  "team_id": "T9N91JR9B",
  "team_name": "[REDACTED]",
  "team_url": "[REDACTED]"
}
[07/23/18, 10:43:49:145] info: Store: UPSERT_WEB_CONTENTS
{
  "id": 5,
  "state": "unloaded",
  "teamId": "T9N91JR9B"
}
[07/23/18, 10:43:54:981] info: Store: UPSERT_WEB_CONTENTS
{
  "id": 5,
  "state": "loaded",
  "teamId": "T9N91JR9B"
}
[07/23/18, 10:43:55:266] info: Store: UPDATE_SESSION_STATUS
{
  "hasValidSession": true,
  "teamId": "T9N91JR9B"
}
[07/23/18, 10:43:56:281] info: Store: UPDATE_TEAM_ICONS
{
  "icons": {
    "image_102": "https://slack-files2.s3-us-west-2.amazonaws.com/avatars/2018-06-13/380405616482_80da8d75c5a597ace2b5_102.png",
    "image_132": "https://slack-files2.s3-us-west-2.amazonaws.com/avatars/2018-06-13/380405616482_80da8d75c5a597ace2b5_132.png",
    "image_230": "https://slack-files2.s3-us-west-2.amazonaws.com/avatars/2018-06-13/380405616482_80da8d75c5a597ace2b5_230.png",
    "image_34": "https://slack-files2.s3-us-west-2.amazonaws.com/avatars/2018-06-13/380405616482_80da8d75c5a597ace2b5_34.png",
    "image_44": "https://slack-files2.s3-us-west-2.amazonaws.com/avatars/2018-06-13/380405616482_80da8d75c5a597ace2b5_44.png",
    "image_68": "https://slack-files2.s3-us-west-2.amazonaws.com/avatars/2018-06-13/380405616482_80da8d75c5a597ace2b5_68.png",
    "image_88": "https://slack-files2.s3-us-west-2.amazonaws.com/avatars/2018-06-13/380405616482_80da8d75c5a597ace2b5_88.png",
    "image_original": "https://slack-files2.s3-us-west-2.amazonaws.com/avatars/2018-06-13/380405616482_80da8d75c5a597ace2b5_original.png"
  },
  "teamId": "T9N91JR9B"
}
[07/23/18, 10:43:56:852] info: Store: SELECT_CHANNEL C9P70BCH5
[07/23/18, 10:43:56:863] info: Store: UPDATE_TEAM_LOCALE
{
  "locale": "en-US",
  "teamId": "T9N91JR9B"
}
[07/23/18, 10:43:56:874] info: Store: UPDATE_TEAM_THEME
{
  "teamId": "T9N91JR9B",
  "theme": {
    "active_item": "#4C9689",
    "active_item_text": "#FFFFFF",
    "active_presence": "#38978D",
    "badge": "#EB4D5C",
    "column_bg": "#4D394B",
    "hover_item": "#3E313C",
    "menu_bg": "#3E313C",
    "text_color": "#FFFFFF"
  }
}
[07/23/18, 10:43:57:099] info: Store: SELECT_CHANNEL DBUDSSYHH
[07/23/18, 10:43:57:148] info: Store: UPSERT_WEB_CONTENTS
{
  "id": 5,
  "state": "webapp-loaded",
  "teamId": "T9N91JR9B"
}
[07/23/18, 10:43:57:487] info: Store: STORE_ENTERPRISE_ID_PAIR
{
  "enterpriseId": null,
  "teamId": "T9N91JR9B"
}
[07/23/18, 10:43:57:494] info: Store: STORE_API_TOKEN
{
  "teamId": "T9N91JR9B",
  "token": "xoxs-⋯"
}
[07/23/18, 10:44:15:285] info: Store: MAIN_WINDOW_FOCUSED
[07/23/18, 10:44:15:352] info: Store: SELECT_TEAM T9N91JR9B
[07/23/18, 10:44:24:290] info: Store: MAIN_WINDOW_FOCUSED
[07/23/18, 10:44:24:392] info: Store: SELECT_TEAM T0489DFSR
[07/23/18, 10:44:25:244] info: Store: MAIN_WINDOW_FOCUSED
[07/23/18, 10:44:25:334] info: Store: SELECT_TEAM T9N91JR9B
[07/23/18, 10:44:39:768] info: Store: SELECT_CHANNEL C9P70BCH5
[07/23/18, 10:44:49:738] info: Store: MAIN_WINDOW_FOCUSED
[07/23/18, 10:44:49:802] info: Store: SELECT_TEAM T9N91JR9B
[07/23/18, 10:44:58:626] info: Store: SHOW_WEBAPP_DIALOG
{
  "dialogType": "prefs"
}
[07/23/18, 10:45:12:009] info: Store: OPEN_CONTEXT_MENU
{
  "id": 5,
  "params": "[REDACTED]"
}
[07/23/18, 10:45:36:293] info: Store: OPEN_CONTEXT_MENU
{
  "id": 5,
  "params": "[REDACTED]"
}
[07/23/18, 10:46:54:460] info: Store: UPDATE_TEAM_THEME
{
  "teamId": "T9N91JR9B",
  "theme": {
    "active_item": "#6698C8",
    "active_item_text": "#FFFFFF",
    "active_presence": "#94E864",
    "badge": "#78AF8F",
    "column_bg": "#303E4D",
    "hover_item": "#4A5664",
    "menu_bg": "#2C3849",
    "text_color": "#FFFFFF"
  }
}
[07/23/18, 10:47:06:351] info: Store: MAIN_WINDOW_FOCUSED
[07/23/18, 10:47:06:451] info: Store: SELECT_TEAM T0489DFSR
[07/23/18, 10:47:10:314] info: Store: SELECT_CHANNEL C0489DFTF
[07/23/18, 10:47:31:352] info: Store: MAIN_WINDOW_FOCUSED
[07/23/18, 10:47:31:443] info: Store: SELECT_TEAM T9N91JR9B
[07/23/18, 10:47:32:105] info: Store: MAIN_WINDOW_FOCUSED
[07/23/18, 10:47:33:055] info: Store: SET_TEAMS_BY_INDEX
[
  "T9N91JR9B",
  "T0489DFSR"
]
[07/23/18, 10:47:49:700] info: Store: SELECT_CHANNEL CBTGL5QHM
[07/23/18, 10:48:00:433] info: Store: SELECT_CHANNEL CAB2UBAAE
[07/23/18, 10:48:12:024] info: Store: SELECT_CHANNEL C9P70BCH5
[07/23/18, 10:48:14:289] info: Store: SELECT_CHANNEL C9P70BCS3
[07/23/18, 10:49:32:143] info: Store: SELECT_CHANNEL C9P70BCH5
[07/23/18, 12:37:35:157] info: Store: SET_FULL_SCREEN
[07/23/18, 12:37:36:160] info: Store: SAVE_WINDOW_SETTINGS
{
  "isMaximized": false,
  "position": [
    0,
    127
  ],
  "size": [
    1152,
    847
  ]
}
