[07/23/18, 10:43:02:226] info: ╔═════════════════════════════════════════════════════════════════════════════╗
[07/23/18, 10:43:02:230] info: ║      Slack 3.2.1, linux 4.17.6-1-ARCH on x64 at 07/23/18, 10:43:02:220      ║
[07/23/18, 10:43:02:230] info: ╚═════════════════════════════════════════════════════════════════════════════╝
[07/23/18, 10:43:02:408] info: Initializing local storage instance at path: /home/noobusdeer/.config/Slack/local-settings.json
[07/23/18, 10:43:03:023] error: Desktop module calls failed to load
{
  "error": {
    "message": "libCallsCore.so: cannot open shared object file: No such file or directory",
    "stack": "Error: libCallsCore.so: cannot open shared object file: No such file or directory\n    at process.module.(anonymous function) [as dlopen] (ELECTRON_ASAR.js:172:20)\n    at Object.Module._extensions..node (module.js:671:18)\n    at Object.module.(anonymous function) [as .node] (ELECTRON_ASAR.js:186:18)\n    at Module.load (module.js:561:32)\n    at tryModuleLoad (module.js:504:12)\n    at Function.Module._load (module.js:496:3)\n    at Module.require (module.js:586:17)\n    at require (internal/module.js:11:18)\n    at bindings (/usr/lib/slack/resources/app.asar/node_modules/@slack/slack-calls-prebuilt/modules/@slack/slack-calls/node_modules/bindings/bindings.js:81:44)\n    at Object.<anonymous> (/usr/lib/slack/resources/app.asar/node_modules/@slack/slack-calls-prebuilt/modules/@slack/slack-calls/index.js:1:192)"
  }
}
[07/23/18, 10:43:03:023] error: Desktop module calls failed to load
[07/23/18, 10:43:03:068] info: cld3::loadModule: loading cld3 module
[07/23/18, 10:43:03:101] info: cld3Loader::loadModule: running environment is NODE
[07/23/18, 10:43:03:101] info: cld3Loader::loadModule: constructed module object for runtime
[07/23/18, 10:43:03:433] info: cld3Loader::initializeRuntime: successfully initialized module
[07/23/18, 10:43:03:433] info: cld3Loader::loadModule: initialized wasm binary Runtime
[07/23/18, 10:43:03:457] info: SpellChecker:: updateSpellcheckerLanguage: Skip to set new language null, v2 spellchecker is not available
[07/23/18, 10:43:03:486] info: Main window preload script finished
{
  "readyTime": 2068.760349
}
[07/23/18, 10:43:07:674] info: Store: UPSERT_WEB_CONTENTS
{
  "id": 3,
  "state": "loaded",
  "teamId": "T0489DFSR"
}
[07/23/18, 10:43:07:679] info: Store: MAIN_WINDOW_SHOWN
[07/23/18, 10:43:07:682] info: Store: SET_FULL_SCREEN
[07/23/18, 10:43:08:479] info: Skipping request to provide hint content for channel for spellchecker
{
  "version": "V2"
}
[07/23/18, 10:43:09:739] info: postLoadTaskSetup: Desktop client fully loaded
{
  "loadedTime": 11682.512397
}
[07/23/18, 10:43:09:808] info: Store: UPDATE_SESSION_STATUS
{
  "hasValidSession": true,
  "teamId": "T0489DFSR"
}
[07/23/18, 10:43:09:822] info: Store: SELECT_CHANNEL C048VVD23
[07/23/18, 10:43:09:823] info: Store: UPDATE_TEAM_LOCALE
{
  "locale": "en-US",
  "teamId": "T0489DFSR"
}
[07/23/18, 10:43:09:823] info: Store: UPDATE_SETTINGS
{
  "locale": "en-US"
}
[07/23/18, 10:43:09:824] info: Store: UPDATE_TEAM_THEME
{
  "teamId": "T0489DFSR",
  "theme": {
    "active_item": "#6698C8",
    "active_item_text": "#FFFFFF",
    "active_presence": "#94E864",
    "badge": "#78AF8F",
    "column_bg": "#303E4D",
    "hover_item": "#4A5664",
    "menu_bg": "#2C3849",
    "text_color": "#FFFFFF"
  }
}
[07/23/18, 10:43:09:877] info: Store: SET_FULL_SCREEN
[07/23/18, 10:43:09:948] info: Store: UPDATE_TEAM_ICONS
{
  "icons": {
    "image_102": "https://slack-files2.s3-us-west-2.amazonaws.com/avatars/2015-07-27/8279470755_c21a23877fd480328fb6_102.jpg",
    "image_132": "https://slack-files2.s3-us-west-2.amazonaws.com/avatars/2015-07-27/8279470755_c21a23877fd480328fb6_132.jpg",
    "image_230": "https://slack-files2.s3-us-west-2.amazonaws.com/avatars/2015-07-27/8279470755_c21a23877fd480328fb6_132.jpg",
    "image_34": "https://slack-files2.s3-us-west-2.amazonaws.com/avatars/2015-07-27/8279470755_c21a23877fd480328fb6_34.jpg",
    "image_44": "https://slack-files2.s3-us-west-2.amazonaws.com/avatars/2015-07-27/8279470755_c21a23877fd480328fb6_44.jpg",
    "image_68": "https://slack-files2.s3-us-west-2.amazonaws.com/avatars/2015-07-27/8279470755_c21a23877fd480328fb6_68.jpg",
    "image_88": "https://slack-files2.s3-us-west-2.amazonaws.com/avatars/2015-07-27/8279470755_c21a23877fd480328fb6_88.jpg",
    "image_original": "https://slack-files2.s3-us-west-2.amazonaws.com/avatars/2015-07-27/8279470755_c21a23877fd480328fb6_original.jpg"
  },
  "teamId": "T0489DFSR"
}
[07/23/18, 10:43:09:949] info: Store: UPDATE_TEAM_LOCALE
{
  "locale": "en-US",
  "teamId": "T0489DFSR"
}
[07/23/18, 10:43:09:949] info: Store: UPSERT_WEB_CONTENTS
{
  "id": 3,
  "state": "webapp-loaded",
  "teamId": "T0489DFSR"
}
[07/23/18, 10:43:10:030] info: Store: STORE_ENTERPRISE_ID_PAIR
{
  "enterpriseId": null,
  "teamId": "T0489DFSR"
}
[07/23/18, 10:43:10:033] info: Store: STORE_API_TOKEN
{
  "teamId": "T0489DFSR",
  "token": "xoxs-⋯"
}
[07/23/18, 10:43:10:155] info: Store: SAVE_WINDOW_SETTINGS
{
  "isMaximized": false,
  "position": [
    1,
    43
  ],
  "size": [
    1152,
    1036
  ]
}
[07/23/18, 10:43:10:181] info: postLoadTaskSetup: Setup spellchecker
{
  "version": "V2"
}
[07/23/18, 10:43:10:203] info: loadAsmModule: loading hunspell-asm module
[07/23/18, 10:43:10:579] info: loadAsmModule: asm module loaded successfully
[07/23/18, 10:43:10:580] info: SpellChecker: Starting spellchecker with language detector
[07/23/18, 10:43:10:580] info: SpellChecker::enableSpellCheckerLanguageDetector: enable spellchecker language detector
[07/23/18, 10:43:10:580] info: SpellChecker::startWithDictionary: Starting language detector with preloaded dict from last used language en
[07/23/18, 10:43:10:642] info: download: downloading dictionary for 'en-us'
[07/23/18, 10:43:10:642] info: fetchResourceAsBuffer: downloading
{
  "filePath": "https://spellcheck.slack-edge.com/dictionaries/en-us/1/en-us.aff",
  "cachePolicy": "default"
}
[07/23/18, 10:43:10:646] info: fetchResourceAsBuffer: downloading
{
  "filePath": "https://spellcheck.slack-edge.com/dictionaries/en-us/1/en-us.dic",
  "cachePolicy": "default"
}
[07/23/18, 10:43:10:652] info: dictionaryDownloader: verifying hash
[07/23/18, 10:43:10:687] info: SpellChecker::downloadDictionary: Dictionary is ready for 
{
  "language": "en"
}
[07/23/18, 10:43:10:731] info: assignSpellchecker: spellCheckerTable added new checker for 'en'
[07/23/18, 10:43:10:732] info: SpellChecker::prepareDictionary: Dictionary buffer for 'en' is loaded into spellchecker
[07/23/18, 10:43:10:733] info: switchDictionary: switching dictionary to check spell from 'null' to 'en'
[07/23/18, 10:43:10:733] info: SpellChecker::switchDictionary: SpellChecker enabled for language
{
  "language": "en"
}
[07/23/18, 10:43:29:531] info: Store: SHOW_LOGIN_DIALOG
[07/23/18, 10:43:29:532] info: Store: ADD_WINDOW
{
  "id": 3,
  "type": "sign-in"
}
[07/23/18, 10:43:49:103] info: Store: REMOVE_WINDOW 3
[07/23/18, 10:43:49:113] info: Store: ADD_NEW_TEAM
{
  "id": "UBUDSSWTV",
  "name": "[REDACTED]",
  "team_id": "T9N91JR9B",
  "team_name": "[REDACTED]",
  "team_url": "[REDACTED]"
}
[07/23/18, 10:43:49:119] info: Store: UPSERT_WEB_CONTENTS
{
  "id": 5,
  "state": "unloaded",
  "teamId": "T9N91JR9B"
}
[07/23/18, 10:43:54:982] info: Store: UPSERT_WEB_CONTENTS
{
  "id": 5,
  "state": "loaded",
  "teamId": "T9N91JR9B"
}
[07/23/18, 10:43:55:266] info: Store: UPDATE_SESSION_STATUS
{
  "hasValidSession": true,
  "teamId": "T9N91JR9B"
}
[07/23/18, 10:43:56:281] info: Store: UPDATE_TEAM_ICONS
{
  "icons": {
    "image_102": "https://slack-files2.s3-us-west-2.amazonaws.com/avatars/2018-06-13/380405616482_80da8d75c5a597ace2b5_102.png",
    "image_132": "https://slack-files2.s3-us-west-2.amazonaws.com/avatars/2018-06-13/380405616482_80da8d75c5a597ace2b5_132.png",
    "image_230": "https://slack-files2.s3-us-west-2.amazonaws.com/avatars/2018-06-13/380405616482_80da8d75c5a597ace2b5_230.png",
    "image_34": "https://slack-files2.s3-us-west-2.amazonaws.com/avatars/2018-06-13/380405616482_80da8d75c5a597ace2b5_34.png",
    "image_44": "https://slack-files2.s3-us-west-2.amazonaws.com/avatars/2018-06-13/380405616482_80da8d75c5a597ace2b5_44.png",
    "image_68": "https://slack-files2.s3-us-west-2.amazonaws.com/avatars/2018-06-13/380405616482_80da8d75c5a597ace2b5_68.png",
    "image_88": "https://slack-files2.s3-us-west-2.amazonaws.com/avatars/2018-06-13/380405616482_80da8d75c5a597ace2b5_88.png",
    "image_original": "https://slack-files2.s3-us-west-2.amazonaws.com/avatars/2018-06-13/380405616482_80da8d75c5a597ace2b5_original.png"
  },
  "teamId": "T9N91JR9B"
}
[07/23/18, 10:43:56:851] info: Store: SELECT_CHANNEL C9P70BCH5
[07/23/18, 10:43:56:862] info: Store: UPDATE_TEAM_LOCALE
{
  "locale": "en-US",
  "teamId": "T9N91JR9B"
}
[07/23/18, 10:43:56:874] info: Store: UPDATE_TEAM_THEME
{
  "teamId": "T9N91JR9B",
  "theme": {
    "active_item": "#4C9689",
    "active_item_text": "#FFFFFF",
    "active_presence": "#38978D",
    "badge": "#EB4D5C",
    "column_bg": "#4D394B",
    "hover_item": "#3E313C",
    "menu_bg": "#3E313C",
    "text_color": "#FFFFFF"
  }
}
[07/23/18, 10:43:57:098] info: Store: SELECT_CHANNEL DBUDSSYHH
[07/23/18, 10:43:57:148] info: Store: UPSERT_WEB_CONTENTS
{
  "id": 5,
  "state": "webapp-loaded",
  "teamId": "T9N91JR9B"
}
[07/23/18, 10:43:57:486] info: Store: STORE_ENTERPRISE_ID_PAIR
{
  "enterpriseId": null,
  "teamId": "T9N91JR9B"
}
[07/23/18, 10:43:57:492] info: Store: STORE_API_TOKEN
{
  "teamId": "T9N91JR9B",
  "token": "xoxs-⋯"
}
[07/23/18, 10:44:15:285] info: Store: MAIN_WINDOW_FOCUSED
[07/23/18, 10:44:15:350] info: Store: SELECT_TEAM T9N91JR9B
[07/23/18, 10:44:24:285] info: Store: MAIN_WINDOW_FOCUSED
[07/23/18, 10:44:24:391] info: Store: SELECT_TEAM T0489DFSR
[07/23/18, 10:44:25:259] info: Store: MAIN_WINDOW_FOCUSED
[07/23/18, 10:44:25:333] info: Store: SELECT_TEAM T9N91JR9B
[07/23/18, 10:44:39:767] info: Store: SELECT_CHANNEL C9P70BCH5
[07/23/18, 10:44:49:738] info: Store: MAIN_WINDOW_FOCUSED
[07/23/18, 10:44:49:801] info: Store: SELECT_TEAM T9N91JR9B
[07/23/18, 10:44:58:626] info: Store: SHOW_WEBAPP_DIALOG
{
  "dialogType": "prefs"
}
[07/23/18, 10:45:12:009] info: Store: OPEN_CONTEXT_MENU
{
  "id": 5,
  "params": "[REDACTED]"
}
[07/23/18, 10:45:36:291] info: Store: OPEN_CONTEXT_MENU
{
  "id": 5,
  "params": "[REDACTED]"
}
[07/23/18, 10:46:54:459] info: Store: UPDATE_TEAM_THEME
{
  "teamId": "T9N91JR9B",
  "theme": {
    "active_item": "#6698C8",
    "active_item_text": "#FFFFFF",
    "active_presence": "#94E864",
    "badge": "#78AF8F",
    "column_bg": "#303E4D",
    "hover_item": "#4A5664",
    "menu_bg": "#2C3849",
    "text_color": "#FFFFFF"
  }
}
[07/23/18, 10:47:06:351] info: Store: MAIN_WINDOW_FOCUSED
[07/23/18, 10:47:06:450] info: Store: SELECT_TEAM T0489DFSR
[07/23/18, 10:47:10:310] info: Skipping request to provide hint content for channel for spellchecker
{
  "version": "V2"
}
[07/23/18, 10:47:10:492] info: Store: SELECT_CHANNEL C0489DFTF
[07/23/18, 10:47:31:417] info: Store: MAIN_WINDOW_FOCUSED
[07/23/18, 10:47:31:443] info: Store: SELECT_TEAM T9N91JR9B
[07/23/18, 10:47:32:103] info: Store: MAIN_WINDOW_FOCUSED
[07/23/18, 10:47:33:049] info: Store: SET_TEAMS_BY_INDEX
[
  "T9N91JR9B",
  "T0489DFSR"
]
[07/23/18, 10:47:49:700] info: Store: SELECT_CHANNEL CBTGL5QHM
[07/23/18, 10:48:00:431] info: Store: SELECT_CHANNEL CAB2UBAAE
[07/23/18, 10:48:12:023] info: Store: SELECT_CHANNEL C9P70BCH5
[07/23/18, 10:48:14:289] info: Store: SELECT_CHANNEL C9P70BCS3
[07/23/18, 10:49:32:142] info: Store: SELECT_CHANNEL C9P70BCH5
[07/23/18, 12:37:35:157] info: Store: SET_FULL_SCREEN
[07/23/18, 12:37:36:160] info: Store: SAVE_WINDOW_SETTINGS
{
  "isMaximized": false,
  "position": [
    0,
    127
  ],
  "size": [
    1152,
    847
  ]
}
