[07/23/18, 10:43:50:569] info: ╔═════════════════════════════════════════════════════════════════════════════╗
[07/23/18, 10:43:50:570] info: ║      Slack 3.2.1, linux 4.17.6-1-ARCH on x64 at 07/23/18, 10:43:50:563      ║
[07/23/18, 10:43:50:570] info: ╚═════════════════════════════════════════════════════════════════════════════╝
[07/23/18, 10:43:50:674] info: Initializing local storage instance at path: /home/noobusdeer/.config/Slack/local-settings.json
[07/23/18, 10:43:51:022] error: Desktop module calls failed to load
{
  "error": {
    "message": "libCallsCore.so: cannot open shared object file: No such file or directory",
    "stack": "Error: libCallsCore.so: cannot open shared object file: No such file or directory\n    at process.module.(anonymous function) [as dlopen] (ELECTRON_ASAR.js:172:20)\n    at Object.Module._extensions..node (module.js:671:18)\n    at Object.module.(anonymous function) [as .node] (ELECTRON_ASAR.js:186:18)\n    at Module.load (module.js:561:32)\n    at tryModuleLoad (module.js:504:12)\n    at Function.Module._load (module.js:496:3)\n    at Module.require (module.js:586:17)\n    at require (internal/module.js:11:18)\n    at bindings (/usr/lib/slack/resources/app.asar/node_modules/@slack/slack-calls-prebuilt/modules/@slack/slack-calls/node_modules/bindings/bindings.js:81:44)\n    at Object.<anonymous> (/usr/lib/slack/resources/app.asar/node_modules/@slack/slack-calls-prebuilt/modules/@slack/slack-calls/index.js:1:192)"
  }
}
[07/23/18, 10:43:51:022] error: Desktop module calls failed to load
[07/23/18, 10:43:51:051] info: cld3::loadModule: loading cld3 module
[07/23/18, 10:43:51:074] info: cld3Loader::loadModule: running environment is NODE
[07/23/18, 10:43:51:074] info: cld3Loader::loadModule: constructed module object for runtime
[07/23/18, 10:43:51:274] info: cld3Loader::initializeRuntime: successfully initialized module
[07/23/18, 10:43:51:274] info: cld3Loader::loadModule: initialized wasm binary Runtime
[07/23/18, 10:43:51:287] info: SpellChecker:: updateSpellcheckerLanguage: Skip to set new language null, v2 spellchecker is not available
[07/23/18, 10:43:51:302] info: Main window preload script finished
{
  "readyTime": 1097.488027
}
[07/23/18, 10:43:54:985] info: Store: UPSERT_WEB_CONTENTS
{
  "id": 5,
  "state": "loaded",
  "teamId": "T9N91JR9B"
}
[07/23/18, 10:43:55:266] info: Store: UPDATE_SESSION_STATUS
{
  "hasValidSession": true,
  "teamId": "T9N91JR9B"
}
[07/23/18, 10:43:56:552] info: Store: UPDATE_TEAM_ICONS
{
  "icons": {
    "image_102": "https://slack-files2.s3-us-west-2.amazonaws.com/avatars/2018-06-13/380405616482_80da8d75c5a597ace2b5_102.png",
    "image_132": "https://slack-files2.s3-us-west-2.amazonaws.com/avatars/2018-06-13/380405616482_80da8d75c5a597ace2b5_132.png",
    "image_230": "https://slack-files2.s3-us-west-2.amazonaws.com/avatars/2018-06-13/380405616482_80da8d75c5a597ace2b5_230.png",
    "image_34": "https://slack-files2.s3-us-west-2.amazonaws.com/avatars/2018-06-13/380405616482_80da8d75c5a597ace2b5_34.png",
    "image_44": "https://slack-files2.s3-us-west-2.amazonaws.com/avatars/2018-06-13/380405616482_80da8d75c5a597ace2b5_44.png",
    "image_68": "https://slack-files2.s3-us-west-2.amazonaws.com/avatars/2018-06-13/380405616482_80da8d75c5a597ace2b5_68.png",
    "image_88": "https://slack-files2.s3-us-west-2.amazonaws.com/avatars/2018-06-13/380405616482_80da8d75c5a597ace2b5_88.png",
    "image_original": "https://slack-files2.s3-us-west-2.amazonaws.com/avatars/2018-06-13/380405616482_80da8d75c5a597ace2b5_original.png"
  },
  "teamId": "T9N91JR9B"
}
[07/23/18, 10:43:56:850] info: Skipping request to provide hint content for channel for spellchecker
{
  "version": "V2"
}
[07/23/18, 10:43:57:096] info: Skipping request to provide hint content for channel for spellchecker
{
  "version": "V2"
}
[07/23/18, 10:43:57:464] info: Store: SELECT_CHANNEL C9P70BCH5
[07/23/18, 10:43:57:464] info: Store: UPDATE_TEAM_LOCALE
{
  "locale": "en-US",
  "teamId": "T9N91JR9B"
}
[07/23/18, 10:43:57:465] info: Store: UPDATE_TEAM_THEME
{
  "teamId": "T9N91JR9B",
  "theme": {
    "active_item": "#4C9689",
    "active_item_text": "#FFFFFF",
    "active_presence": "#38978D",
    "badge": "#EB4D5C",
    "column_bg": "#4D394B",
    "hover_item": "#3E313C",
    "menu_bg": "#3E313C",
    "text_color": "#FFFFFF"
  }
}
[07/23/18, 10:43:57:484] info: Store: SELECT_CHANNEL DBUDSSYHH
[07/23/18, 10:43:57:484] info: Store: UPSERT_WEB_CONTENTS
{
  "id": 5,
  "state": "webapp-loaded",
  "teamId": "T9N91JR9B"
}
[07/23/18, 10:43:57:611] info: Store: STORE_ENTERPRISE_ID_PAIR
{
  "enterpriseId": null,
  "teamId": "T9N91JR9B"
}
[07/23/18, 10:43:57:614] info: Store: STORE_API_TOKEN
{
  "teamId": "T9N91JR9B",
  "token": "xoxs-⋯"
}
[07/23/18, 10:43:57:703] info: postLoadTaskSetup: Setup spellchecker
{
  "version": "V2"
}
[07/23/18, 10:43:57:719] info: loadAsmModule: loading hunspell-asm module
[07/23/18, 10:43:58:051] info: loadAsmModule: asm module loaded successfully
[07/23/18, 10:43:58:051] info: SpellChecker: Starting spellchecker with language detector
[07/23/18, 10:43:58:052] info: SpellChecker::enableSpellCheckerLanguageDetector: enable spellchecker language detector
[07/23/18, 10:43:58:052] info: SpellChecker::startWithDictionary: Starting language detector with English by default
[07/23/18, 10:43:58:284] info: download: downloading dictionary for 'en-us'
[07/23/18, 10:43:58:285] info: fetchResourceAsBuffer: downloading
{
  "filePath": "https://spellcheck.slack-edge.com/dictionaries/en-us/1/en-us.aff",
  "cachePolicy": "default"
}
[07/23/18, 10:43:59:109] info: fetchResourceAsBuffer: downloading
{
  "filePath": "https://spellcheck.slack-edge.com/dictionaries/en-us/1/en-us.dic",
  "cachePolicy": "default"
}
[07/23/18, 10:44:00:647] info: dictionaryDownloader: verifying hash
[07/23/18, 10:44:00:692] info: SpellChecker::downloadDictionary: Dictionary is ready for 
{
  "language": "en"
}
[07/23/18, 10:44:00:733] info: assignSpellchecker: spellCheckerTable added new checker for 'en'
[07/23/18, 10:44:00:734] info: SpellChecker::prepareDictionary: Dictionary buffer for 'en' is loaded into spellchecker
[07/23/18, 10:44:00:735] info: switchDictionary: switching dictionary to check spell from 'null' to 'en'
[07/23/18, 10:44:00:736] info: SpellChecker::switchDictionary: SpellChecker enabled for language
{
  "language": "en"
}
[07/23/18, 10:44:15:298] info: Store: MAIN_WINDOW_FOCUSED
[07/23/18, 10:44:15:350] info: Store: SELECT_TEAM T9N91JR9B
[07/23/18, 10:44:24:346] info: Store: MAIN_WINDOW_FOCUSED
[07/23/18, 10:44:24:392] info: Store: SELECT_TEAM T0489DFSR
[07/23/18, 10:44:25:243] info: Store: MAIN_WINDOW_FOCUSED
[07/23/18, 10:44:25:333] info: Store: SELECT_TEAM T9N91JR9B
[07/23/18, 10:44:39:764] info: Skipping request to provide hint content for channel for spellchecker
{
  "version": "V2"
}
[07/23/18, 10:44:39:813] info: Store: SELECT_CHANNEL C9P70BCH5
[07/23/18, 10:44:49:804] info: Store: MAIN_WINDOW_FOCUSED
[07/23/18, 10:44:49:805] info: Store: SELECT_TEAM T9N91JR9B
[07/23/18, 10:44:58:627] info: Store: SHOW_WEBAPP_DIALOG
{
  "dialogType": "prefs"
}
[07/23/18, 10:45:12:017] info: Store: OPEN_CONTEXT_MENU
{
  "id": 5,
  "params": "[REDACTED]"
}
[07/23/18, 10:45:36:295] info: Store: OPEN_CONTEXT_MENU
{
  "id": 5,
  "params": "[REDACTED]"
}
[07/23/18, 10:45:38:728] info: Opening authenticated Slack url in browser https://nannou.slack.com/z-browser-328307637317-402930856243-073d7da17ffb6001d2c8bc1f6f001f76a3982647ffe0c90a56b58cb30d14fee9?redir=customize&session=403201735445
[07/23/18, 10:46:54:576] info: Store: UPDATE_TEAM_THEME
{
  "teamId": "T9N91JR9B",
  "theme": {
    "active_item": "#6698C8",
    "active_item_text": "#FFFFFF",
    "active_presence": "#94E864",
    "badge": "#78AF8F",
    "column_bg": "#303E4D",
    "hover_item": "#4A5664",
    "menu_bg": "#2C3849",
    "text_color": "#FFFFFF"
  }
}
[07/23/18, 10:47:06:353] info: Store: MAIN_WINDOW_FOCUSED
[07/23/18, 10:47:06:457] info: Store: SELECT_TEAM T0489DFSR
[07/23/18, 10:47:10:312] info: Store: SELECT_CHANNEL C0489DFTF
[07/23/18, 10:47:31:352] info: Store: MAIN_WINDOW_FOCUSED
[07/23/18, 10:47:31:443] info: Store: SELECT_TEAM T9N91JR9B
[07/23/18, 10:47:32:126] info: Store: MAIN_WINDOW_FOCUSED
[07/23/18, 10:47:33:055] info: Store: SET_TEAMS_BY_INDEX
[
  "T9N91JR9B",
  "T0489DFSR"
]
[07/23/18, 10:47:49:698] info: Skipping request to provide hint content for channel for spellchecker
{
  "version": "V2"
}
[07/23/18, 10:47:49:822] info: Store: SELECT_CHANNEL CBTGL5QHM
[07/23/18, 10:48:00:425] info: Skipping request to provide hint content for channel for spellchecker
{
  "version": "V2"
}
[07/23/18, 10:48:00:502] info: Store: SELECT_CHANNEL CAB2UBAAE
[07/23/18, 10:48:12:019] info: Skipping request to provide hint content for channel for spellchecker
{
  "version": "V2"
}
[07/23/18, 10:48:12:239] info: Store: SELECT_CHANNEL C9P70BCH5
[07/23/18, 10:48:14:286] info: Skipping request to provide hint content for channel for spellchecker
{
  "version": "V2"
}
[07/23/18, 10:48:14:334] info: Store: SELECT_CHANNEL C9P70BCS3
[07/23/18, 10:49:32:140] info: Skipping request to provide hint content for channel for spellchecker
{
  "version": "V2"
}
[07/23/18, 10:49:32:293] info: Store: SELECT_CHANNEL C9P70BCH5
[07/23/18, 12:37:35:163] info: Store: SET_FULL_SCREEN
[07/23/18, 12:37:36:160] info: Store: SAVE_WINDOW_SETTINGS
{
  "isMaximized": false,
  "position": [
    0,
    127
  ],
  "size": [
    1152,
    847
  ]
}
